ERROR - 2023-03-16 11:18:47 --> Error connecting to the database: ErrorException: pg_connect(): Unable to connect to PostgreSQL server: could not connect to server: Connection refused (0x0000274D/10061)
	Is the server running on host &quot;172.107.175.82&quot; and accepting
	TCP/IP connections on port 5432? in C:\xampp\htdocs\full\backend\apisabeygana\system\Database\Postgre\Connection.php:69
Stack trace:
#0 [internal function]: CodeIgniter\Debug\Exceptions->errorHandler(2, 'pg_connect(): U...', 'C:\\xampp\\htdocs...', 69)
#1 C:\xampp\htdocs\full\backend\apisabeygana\system\Database\Postgre\Connection.php(69): pg_connect('host=172.107.17...')
#2 C:\xampp\htdocs\full\backend\apisabeygana\system\Database\BaseConnection.php(382): CodeIgniter\Database\Postgre\Connection->connect(false)
#3 C:\xampp\htdocs\full\backend\apisabeygana\system\Database\BaseConnection.php(561): CodeIgniter\Database\BaseConnection->initialize()
#4 C:\xampp\htdocs\full\backend\apisabeygana\app\Controllers\API\User.php(20): CodeIgniter\Database\BaseConnection->query('SELECT * FROM d...')
#5 C:\xampp\htdocs\full\backend\apisabeygana\system\CodeIgniter.php(927): App\Controllers\API\User->index()
#6 C:\xampp\htdocs\full\backend\apisabeygana\system\CodeIgniter.php(482): CodeIgniter\CodeIgniter->runController(Object(App\Controllers\API\User))
#7 C:\xampp\htdocs\full\backend\apisabeygana\system\CodeIgniter.php(351): CodeIgniter\CodeIgniter->handleRequest(NULL, Object(Config\Cache), false)
#8 C:\xampp\htdocs\full\backend\apisabeygana\public\index.php(67): CodeIgniter\CodeIgniter->run()
#9 {main}
CRITICAL - 2023-03-16 11:18:47 --> Unable to connect to the database.
Main connection [postgre]: pg_connect(): Unable to connect to PostgreSQL server: could not connect to server: Connection refused (0x0000274D/10061)
	Is the server running on host &quot;172.107.175.82&quot; and accepting
	TCP/IP connections on port 5432?
in SYSTEMPATH\Database\BaseConnection.php on line 418.
 1 SYSTEMPATH\Database\BaseConnection.php(561): CodeIgniter\Database\BaseConnection->initialize()
 2 APPPATH\Controllers\API\User.php(20): CodeIgniter\Database\BaseConnection->query('SELECT * FROM digitalapi.dcu_usuario
        ORDER BY use_int_id ASC ')
 3 SYSTEMPATH\CodeIgniter.php(927): App\Controllers\API\User->index()
 4 SYSTEMPATH\CodeIgniter.php(482): CodeIgniter\CodeIgniter->runController(Object(App\Controllers\API\User))
 5 SYSTEMPATH\CodeIgniter.php(351): CodeIgniter\CodeIgniter->handleRequest(null, Object(Config\Cache), false)
 6 FCPATH\index.php(67): CodeIgniter\CodeIgniter->run()
ERROR - 2023-03-16 11:19:01 --> Error connecting to the database: ErrorException: pg_connect(): Unable to connect to PostgreSQL server: could not connect to server: Connection refused (0x0000274D/10061)
	Is the server running on host &quot;172.107.175.82&quot; and accepting
	TCP/IP connections on port 5432? in C:\xampp\htdocs\full\backend\apisabeygana\system\Database\Postgre\Connection.php:69
Stack trace:
#0 [internal function]: CodeIgniter\Debug\Exceptions->errorHandler(2, 'pg_connect(): U...', 'C:\\xampp\\htdocs...', 69)
#1 C:\xampp\htdocs\full\backend\apisabeygana\system\Database\Postgre\Connection.php(69): pg_connect('host=172.107.17...')
#2 C:\xampp\htdocs\full\backend\apisabeygana\system\Database\BaseConnection.php(382): CodeIgniter\Database\Postgre\Connection->connect(false)
#3 C:\xampp\htdocs\full\backend\apisabeygana\system\Database\BaseConnection.php(561): CodeIgniter\Database\BaseConnection->initialize()
#4 C:\xampp\htdocs\full\backend\apisabeygana\app\Controllers\API\User.php(20): CodeIgniter\Database\BaseConnection->query('SELECT * FROM d...')
#5 C:\xampp\htdocs\full\backend\apisabeygana\system\CodeIgniter.php(927): App\Controllers\API\User->index()
#6 C:\xampp\htdocs\full\backend\apisabeygana\system\CodeIgniter.php(482): CodeIgniter\CodeIgniter->runController(Object(App\Controllers\API\User))
#7 C:\xampp\htdocs\full\backend\apisabeygana\system\CodeIgniter.php(351): CodeIgniter\CodeIgniter->handleRequest(NULL, Object(Config\Cache), false)
#8 C:\xampp\htdocs\full\backend\apisabeygana\public\index.php(67): CodeIgniter\CodeIgniter->run()
#9 {main}
CRITICAL - 2023-03-16 11:19:01 --> Unable to connect to the database.
Main connection [postgre]: pg_connect(): Unable to connect to PostgreSQL server: could not connect to server: Connection refused (0x0000274D/10061)
	Is the server running on host &quot;172.107.175.82&quot; and accepting
	TCP/IP connections on port 5432?
in SYSTEMPATH\Database\BaseConnection.php on line 418.
 1 SYSTEMPATH\Database\BaseConnection.php(561): CodeIgniter\Database\BaseConnection->initialize()
 2 APPPATH\Controllers\API\User.php(20): CodeIgniter\Database\BaseConnection->query('SELECT * FROM digitalapi.dcu_usuario
        ORDER BY use_int_id ASC ')
 3 SYSTEMPATH\CodeIgniter.php(927): App\Controllers\API\User->index()
 4 SYSTEMPATH\CodeIgniter.php(482): CodeIgniter\CodeIgniter->runController(Object(App\Controllers\API\User))
 5 SYSTEMPATH\CodeIgniter.php(351): CodeIgniter\CodeIgniter->handleRequest(null, Object(Config\Cache), false)
 6 FCPATH\index.php(67): CodeIgniter\CodeIgniter->run()
ERROR - 2023-03-16 11:19:43 --> Error connecting to the database: ErrorException: pg_connect(): Unable to connect to PostgreSQL server: could not connect to server: Connection refused (0x0000274D/10061)
	Is the server running on host &quot;172.107.175.82&quot; and accepting
	TCP/IP connections on port 5432? in C:\xampp\htdocs\full\backend\apisabeygana\system\Database\Postgre\Connection.php:69
Stack trace:
#0 [internal function]: CodeIgniter\Debug\Exceptions->errorHandler(2, 'pg_connect(): U...', 'C:\\xampp\\htdocs...', 69)
#1 C:\xampp\htdocs\full\backend\apisabeygana\system\Database\Postgre\Connection.php(69): pg_connect('host=172.107.17...')
#2 C:\xampp\htdocs\full\backend\apisabeygana\system\Database\BaseConnection.php(382): CodeIgniter\Database\Postgre\Connection->connect(false)
#3 C:\xampp\htdocs\full\backend\apisabeygana\system\Database\BaseConnection.php(561): CodeIgniter\Database\BaseConnection->initialize()
#4 C:\xampp\htdocs\full\backend\apisabeygana\app\Controllers\API\User.php(20): CodeIgniter\Database\BaseConnection->query('SELECT * FROM d...')
#5 C:\xampp\htdocs\full\backend\apisabeygana\system\CodeIgniter.php(927): App\Controllers\API\User->index()
#6 C:\xampp\htdocs\full\backend\apisabeygana\system\CodeIgniter.php(482): CodeIgniter\CodeIgniter->runController(Object(App\Controllers\API\User))
#7 C:\xampp\htdocs\full\backend\apisabeygana\system\CodeIgniter.php(351): CodeIgniter\CodeIgniter->handleRequest(NULL, Object(Config\Cache), false)
#8 C:\xampp\htdocs\full\backend\apisabeygana\public\index.php(67): CodeIgniter\CodeIgniter->run()
#9 {main}
CRITICAL - 2023-03-16 11:19:43 --> Unable to connect to the database.
Main connection [postgre]: pg_connect(): Unable to connect to PostgreSQL server: could not connect to server: Connection refused (0x0000274D/10061)
	Is the server running on host &quot;172.107.175.82&quot; and accepting
	TCP/IP connections on port 5432?
in SYSTEMPATH\Database\BaseConnection.php on line 418.
 1 SYSTEMPATH\Database\BaseConnection.php(561): CodeIgniter\Database\BaseConnection->initialize()
 2 APPPATH\Controllers\API\User.php(20): CodeIgniter\Database\BaseConnection->query('SELECT * FROM digitalapi.dcu_usuario
        ORDER BY use_int_id ASC ')
 3 SYSTEMPATH\CodeIgniter.php(927): App\Controllers\API\User->index()
 4 SYSTEMPATH\CodeIgniter.php(482): CodeIgniter\CodeIgniter->runController(Object(App\Controllers\API\User))
 5 SYSTEMPATH\CodeIgniter.php(351): CodeIgniter\CodeIgniter->handleRequest(null, Object(Config\Cache), false)
 6 FCPATH\index.php(67): CodeIgniter\CodeIgniter->run()
ERROR - 2023-03-16 15:38:46 --> Error connecting to the database: ErrorException: pg_connect(): Unable to connect to PostgreSQL server: could not connect to server: Connection refused (0x0000274D/10061)
	Is the server running on host &quot;172.107.175.82&quot; and accepting
	TCP/IP connections on port 5432? in C:\xampp\htdocs\full\backend\apisabeygana\system\Database\Postgre\Connection.php:69
Stack trace:
#0 [internal function]: CodeIgniter\Debug\Exceptions->errorHandler(2, 'pg_connect(): U...', 'C:\\xampp\\htdocs...', 69)
#1 C:\xampp\htdocs\full\backend\apisabeygana\system\Database\Postgre\Connection.php(69): pg_connect('host=172.107.17...')
#2 C:\xampp\htdocs\full\backend\apisabeygana\system\Database\BaseConnection.php(382): CodeIgniter\Database\Postgre\Connection->connect(false)
#3 C:\xampp\htdocs\full\backend\apisabeygana\system\Database\BaseConnection.php(561): CodeIgniter\Database\BaseConnection->initialize()
#4 C:\xampp\htdocs\full\backend\apisabeygana\app\Controllers\API\User.php(20): CodeIgniter\Database\BaseConnection->query('SELECT * FROM d...')
#5 C:\xampp\htdocs\full\backend\apisabeygana\system\CodeIgniter.php(927): App\Controllers\API\User->index()
#6 C:\xampp\htdocs\full\backend\apisabeygana\system\CodeIgniter.php(482): CodeIgniter\CodeIgniter->runController(Object(App\Controllers\API\User))
#7 C:\xampp\htdocs\full\backend\apisabeygana\system\CodeIgniter.php(351): CodeIgniter\CodeIgniter->handleRequest(NULL, Object(Config\Cache), false)
#8 C:\xampp\htdocs\full\backend\apisabeygana\public\index.php(67): CodeIgniter\CodeIgniter->run()
#9 {main}
CRITICAL - 2023-03-16 15:38:46 --> Unable to connect to the database.
Main connection [postgre]: pg_connect(): Unable to connect to PostgreSQL server: could not connect to server: Connection refused (0x0000274D/10061)
	Is the server running on host &quot;172.107.175.82&quot; and accepting
	TCP/IP connections on port 5432?
in SYSTEMPATH\Database\BaseConnection.php on line 418.
 1 SYSTEMPATH\Database\BaseConnection.php(561): CodeIgniter\Database\BaseConnection->initialize()
 2 APPPATH\Controllers\API\User.php(20): CodeIgniter\Database\BaseConnection->query('SELECT * FROM digitalapi.dcu_usuario
        ORDER BY use_int_id ASC ')
 3 SYSTEMPATH\CodeIgniter.php(927): App\Controllers\API\User->index()
 4 SYSTEMPATH\CodeIgniter.php(482): CodeIgniter\CodeIgniter->runController(Object(App\Controllers\API\User))
 5 SYSTEMPATH\CodeIgniter.php(351): CodeIgniter\CodeIgniter->handleRequest(null, Object(Config\Cache), false)
 6 FCPATH\index.php(67): CodeIgniter\CodeIgniter->run()
ERROR - 2023-03-16 15:38:48 --> Error connecting to the database: ErrorException: pg_connect(): Unable to connect to PostgreSQL server: could not connect to server: Connection refused (0x0000274D/10061)
	Is the server running on host &quot;172.107.175.82&quot; and accepting
	TCP/IP connections on port 5432? in C:\xampp\htdocs\full\backend\apisabeygana\system\Database\Postgre\Connection.php:69
Stack trace:
#0 [internal function]: CodeIgniter\Debug\Exceptions->errorHandler(2, 'pg_connect(): U...', 'C:\\xampp\\htdocs...', 69)
#1 C:\xampp\htdocs\full\backend\apisabeygana\system\Database\Postgre\Connection.php(69): pg_connect('host=172.107.17...')
#2 C:\xampp\htdocs\full\backend\apisabeygana\system\Database\BaseConnection.php(382): CodeIgniter\Database\Postgre\Connection->connect(false)
#3 C:\xampp\htdocs\full\backend\apisabeygana\system\Database\BaseConnection.php(561): CodeIgniter\Database\BaseConnection->initialize()
#4 C:\xampp\htdocs\full\backend\apisabeygana\app\Controllers\API\User.php(20): CodeIgniter\Database\BaseConnection->query('SELECT * FROM d...')
#5 C:\xampp\htdocs\full\backend\apisabeygana\system\CodeIgniter.php(927): App\Controllers\API\User->index()
#6 C:\xampp\htdocs\full\backend\apisabeygana\system\CodeIgniter.php(482): CodeIgniter\CodeIgniter->runController(Object(App\Controllers\API\User))
#7 C:\xampp\htdocs\full\backend\apisabeygana\system\CodeIgniter.php(351): CodeIgniter\CodeIgniter->handleRequest(NULL, Object(Config\Cache), false)
#8 C:\xampp\htdocs\full\backend\apisabeygana\public\index.php(67): CodeIgniter\CodeIgniter->run()
#9 {main}
CRITICAL - 2023-03-16 15:38:48 --> Unable to connect to the database.
Main connection [postgre]: pg_connect(): Unable to connect to PostgreSQL server: could not connect to server: Connection refused (0x0000274D/10061)
	Is the server running on host &quot;172.107.175.82&quot; and accepting
	TCP/IP connections on port 5432?
in SYSTEMPATH\Database\BaseConnection.php on line 418.
 1 SYSTEMPATH\Database\BaseConnection.php(561): CodeIgniter\Database\BaseConnection->initialize()
 2 APPPATH\Controllers\API\User.php(20): CodeIgniter\Database\BaseConnection->query('SELECT * FROM digitalapi.dcu_usuario
        ORDER BY use_int_id ASC ')
 3 SYSTEMPATH\CodeIgniter.php(927): App\Controllers\API\User->index()
 4 SYSTEMPATH\CodeIgniter.php(482): CodeIgniter\CodeIgniter->runController(Object(App\Controllers\API\User))
 5 SYSTEMPATH\CodeIgniter.php(351): CodeIgniter\CodeIgniter->handleRequest(null, Object(Config\Cache), false)
 6 FCPATH\index.php(67): CodeIgniter\CodeIgniter->run()
ERROR - 2023-03-16 15:39:15 --> Error connecting to the database: ErrorException: pg_connect(): Unable to connect to PostgreSQL server: could not connect to server: Connection refused (0x0000274D/10061)
	Is the server running on host &quot;172.107.175.82&quot; and accepting
	TCP/IP connections on port 5432? in C:\xampp\htdocs\full\backend\apisabeygana\system\Database\Postgre\Connection.php:69
Stack trace:
#0 [internal function]: CodeIgniter\Debug\Exceptions->errorHandler(2, 'pg_connect(): U...', 'C:\\xampp\\htdocs...', 69)
#1 C:\xampp\htdocs\full\backend\apisabeygana\system\Database\Postgre\Connection.php(69): pg_connect('host=172.107.17...')
#2 C:\xampp\htdocs\full\backend\apisabeygana\system\Database\BaseConnection.php(382): CodeIgniter\Database\Postgre\Connection->connect(false)
#3 C:\xampp\htdocs\full\backend\apisabeygana\system\Database\BaseConnection.php(561): CodeIgniter\Database\BaseConnection->initialize()
#4 C:\xampp\htdocs\full\backend\apisabeygana\app\Controllers\API\User.php(20): CodeIgniter\Database\BaseConnection->query('SELECT * FROM d...')
#5 C:\xampp\htdocs\full\backend\apisabeygana\system\CodeIgniter.php(927): App\Controllers\API\User->index()
#6 C:\xampp\htdocs\full\backend\apisabeygana\system\CodeIgniter.php(482): CodeIgniter\CodeIgniter->runController(Object(App\Controllers\API\User))
#7 C:\xampp\htdocs\full\backend\apisabeygana\system\CodeIgniter.php(351): CodeIgniter\CodeIgniter->handleRequest(NULL, Object(Config\Cache), false)
#8 C:\xampp\htdocs\full\backend\apisabeygana\public\index.php(67): CodeIgniter\CodeIgniter->run()
#9 {main}
CRITICAL - 2023-03-16 15:39:15 --> Unable to connect to the database.
Main connection [postgre]: pg_connect(): Unable to connect to PostgreSQL server: could not connect to server: Connection refused (0x0000274D/10061)
	Is the server running on host &quot;172.107.175.82&quot; and accepting
	TCP/IP connections on port 5432?
in SYSTEMPATH\Database\BaseConnection.php on line 418.
 1 SYSTEMPATH\Database\BaseConnection.php(561): CodeIgniter\Database\BaseConnection->initialize()
 2 APPPATH\Controllers\API\User.php(20): CodeIgniter\Database\BaseConnection->query('SELECT * FROM digitalapi.dcu_usuario
        ORDER BY use_int_id ASC ')
 3 SYSTEMPATH\CodeIgniter.php(927): App\Controllers\API\User->index()
 4 SYSTEMPATH\CodeIgniter.php(482): CodeIgniter\CodeIgniter->runController(Object(App\Controllers\API\User))
 5 SYSTEMPATH\CodeIgniter.php(351): CodeIgniter\CodeIgniter->handleRequest(null, Object(Config\Cache), false)
 6 FCPATH\index.php(67): CodeIgniter\CodeIgniter->run()
ERROR - 2023-03-16 15:39:44 --> Error connecting to the database: ErrorException: pg_connect(): Unable to connect to PostgreSQL server: could not connect to server: Connection timed out (0x0000274C/10060)
	Is the server running on host &quot;172.107.175.82&quot; and accepting
	TCP/IP connections on port 5432? in C:\xampp\htdocs\full\backend\apisabeygana\system\Database\Postgre\Connection.php:69
Stack trace:
#0 [internal function]: CodeIgniter\Debug\Exceptions->errorHandler(2, 'pg_connect(): U...', 'C:\\xampp\\htdocs...', 69)
#1 C:\xampp\htdocs\full\backend\apisabeygana\system\Database\Postgre\Connection.php(69): pg_connect('host=172.107.17...')
#2 C:\xampp\htdocs\full\backend\apisabeygana\system\Database\BaseConnection.php(382): CodeIgniter\Database\Postgre\Connection->connect(false)
#3 C:\xampp\htdocs\full\backend\apisabeygana\system\Database\BaseConnection.php(561): CodeIgniter\Database\BaseConnection->initialize()
#4 C:\xampp\htdocs\full\backend\apisabeygana\app\Controllers\API\User.php(20): CodeIgniter\Database\BaseConnection->query('SELECT * FROM d...')
#5 C:\xampp\htdocs\full\backend\apisabeygana\system\CodeIgniter.php(927): App\Controllers\API\User->index()
#6 C:\xampp\htdocs\full\backend\apisabeygana\system\CodeIgniter.php(482): CodeIgniter\CodeIgniter->runController(Object(App\Controllers\API\User))
#7 C:\xampp\htdocs\full\backend\apisabeygana\system\CodeIgniter.php(351): CodeIgniter\CodeIgniter->handleRequest(NULL, Object(Config\Cache), false)
#8 C:\xampp\htdocs\full\backend\apisabeygana\public\index.php(67): CodeIgniter\CodeIgniter->run()
#9 {main}
CRITICAL - 2023-03-16 15:39:44 --> Unable to connect to the database.
Main connection [postgre]: pg_connect(): Unable to connect to PostgreSQL server: could not connect to server: Connection timed out (0x0000274C/10060)
	Is the server running on host &quot;172.107.175.82&quot; and accepting
	TCP/IP connections on port 5432?
in SYSTEMPATH\Database\BaseConnection.php on line 418.
 1 SYSTEMPATH\Database\BaseConnection.php(561): CodeIgniter\Database\BaseConnection->initialize()
 2 APPPATH\Controllers\API\User.php(20): CodeIgniter\Database\BaseConnection->query('SELECT * FROM digitalapi.dcu_usuario
        ORDER BY use_int_id ASC ')
 3 SYSTEMPATH\CodeIgniter.php(927): App\Controllers\API\User->index()
 4 SYSTEMPATH\CodeIgniter.php(482): CodeIgniter\CodeIgniter->runController(Object(App\Controllers\API\User))
 5 SYSTEMPATH\CodeIgniter.php(351): CodeIgniter\CodeIgniter->handleRequest(null, Object(Config\Cache), false)
 6 FCPATH\index.php(67): CodeIgniter\CodeIgniter->run()
ERROR - 2023-03-16 15:39:47 --> Error connecting to the database: ErrorException: pg_connect(): Unable to connect to PostgreSQL server: could not connect to server: Connection refused (0x0000274D/10061)
	Is the server running on host &quot;172.107.175.82&quot; and accepting
	TCP/IP connections on port 5432? in C:\xampp\htdocs\full\backend\apisabeygana\system\Database\Postgre\Connection.php:69
Stack trace:
#0 [internal function]: CodeIgniter\Debug\Exceptions->errorHandler(2, 'pg_connect(): U...', 'C:\\xampp\\htdocs...', 69)
#1 C:\xampp\htdocs\full\backend\apisabeygana\system\Database\Postgre\Connection.php(69): pg_connect('host=172.107.17...')
#2 C:\xampp\htdocs\full\backend\apisabeygana\system\Database\BaseConnection.php(382): CodeIgniter\Database\Postgre\Connection->connect(false)
#3 C:\xampp\htdocs\full\backend\apisabeygana\system\Database\BaseConnection.php(561): CodeIgniter\Database\BaseConnection->initialize()
#4 C:\xampp\htdocs\full\backend\apisabeygana\app\Controllers\API\User.php(20): CodeIgniter\Database\BaseConnection->query('SELECT * FROM d...')
#5 C:\xampp\htdocs\full\backend\apisabeygana\system\CodeIgniter.php(927): App\Controllers\API\User->index()
#6 C:\xampp\htdocs\full\backend\apisabeygana\system\CodeIgniter.php(482): CodeIgniter\CodeIgniter->runController(Object(App\Controllers\API\User))
#7 C:\xampp\htdocs\full\backend\apisabeygana\system\CodeIgniter.php(351): CodeIgniter\CodeIgniter->handleRequest(NULL, Object(Config\Cache), false)
#8 C:\xampp\htdocs\full\backend\apisabeygana\public\index.php(67): CodeIgniter\CodeIgniter->run()
#9 {main}
CRITICAL - 2023-03-16 15:39:47 --> Unable to connect to the database.
Main connection [postgre]: pg_connect(): Unable to connect to PostgreSQL server: could not connect to server: Connection refused (0x0000274D/10061)
	Is the server running on host &quot;172.107.175.82&quot; and accepting
	TCP/IP connections on port 5432?
in SYSTEMPATH\Database\BaseConnection.php on line 418.
 1 SYSTEMPATH\Database\BaseConnection.php(561): CodeIgniter\Database\BaseConnection->initialize()
 2 APPPATH\Controllers\API\User.php(20): CodeIgniter\Database\BaseConnection->query('SELECT * FROM digitalapi.dcu_usuario
        ORDER BY use_int_id ASC ')
 3 SYSTEMPATH\CodeIgniter.php(927): App\Controllers\API\User->index()
 4 SYSTEMPATH\CodeIgniter.php(482): CodeIgniter\CodeIgniter->runController(Object(App\Controllers\API\User))
 5 SYSTEMPATH\CodeIgniter.php(351): CodeIgniter\CodeIgniter->handleRequest(null, Object(Config\Cache), false)
 6 FCPATH\index.php(67): CodeIgniter\CodeIgniter->run()
ERROR - 2023-03-16 15:40:51 --> Error connecting to the database: ErrorException: pg_connect(): Unable to connect to PostgreSQL server: could not connect to server: Connection refused (0x0000274D/10061)
	Is the server running on host &quot;172.107.175.82&quot; and accepting
	TCP/IP connections on port 5432? in C:\xampp\htdocs\full\backend\apisabeygana\system\Database\Postgre\Connection.php:69
Stack trace:
#0 [internal function]: CodeIgniter\Debug\Exceptions->errorHandler(2, 'pg_connect(): U...', 'C:\\xampp\\htdocs...', 69)
#1 C:\xampp\htdocs\full\backend\apisabeygana\system\Database\Postgre\Connection.php(69): pg_connect('host=172.107.17...')
#2 C:\xampp\htdocs\full\backend\apisabeygana\system\Database\BaseConnection.php(382): CodeIgniter\Database\Postgre\Connection->connect(false)
#3 C:\xampp\htdocs\full\backend\apisabeygana\system\Database\BaseConnection.php(561): CodeIgniter\Database\BaseConnection->initialize()
#4 C:\xampp\htdocs\full\backend\apisabeygana\app\Controllers\API\User.php(20): CodeIgniter\Database\BaseConnection->query('SELECT * FROM d...')
#5 C:\xampp\htdocs\full\backend\apisabeygana\system\CodeIgniter.php(927): App\Controllers\API\User->index()
#6 C:\xampp\htdocs\full\backend\apisabeygana\system\CodeIgniter.php(482): CodeIgniter\CodeIgniter->runController(Object(App\Controllers\API\User))
#7 C:\xampp\htdocs\full\backend\apisabeygana\system\CodeIgniter.php(351): CodeIgniter\CodeIgniter->handleRequest(NULL, Object(Config\Cache), false)
#8 C:\xampp\htdocs\full\backend\apisabeygana\public\index.php(67): CodeIgniter\CodeIgniter->run()
#9 {main}
CRITICAL - 2023-03-16 15:40:51 --> Unable to connect to the database.
Main connection [postgre]: pg_connect(): Unable to connect to PostgreSQL server: could not connect to server: Connection refused (0x0000274D/10061)
	Is the server running on host &quot;172.107.175.82&quot; and accepting
	TCP/IP connections on port 5432?
in SYSTEMPATH\Database\BaseConnection.php on line 418.
 1 SYSTEMPATH\Database\BaseConnection.php(561): CodeIgniter\Database\BaseConnection->initialize()
 2 APPPATH\Controllers\API\User.php(20): CodeIgniter\Database\BaseConnection->query('SELECT * FROM digitalapi.dcu_usuario
        ORDER BY use_int_id ASC ')
 3 SYSTEMPATH\CodeIgniter.php(927): App\Controllers\API\User->index()
 4 SYSTEMPATH\CodeIgniter.php(482): CodeIgniter\CodeIgniter->runController(Object(App\Controllers\API\User))
 5 SYSTEMPATH\CodeIgniter.php(351): CodeIgniter\CodeIgniter->handleRequest(null, Object(Config\Cache), false)
 6 FCPATH\index.php(67): CodeIgniter\CodeIgniter->run()
