ERROR - 2023-03-13 12:10:43 --> ErrorException: pg_query(): Query failed: ERROR:  relation &quot;public.dcu_usuario&quot; does not exist
LINE 1: SELECT * FROM public.dcu_usuario
                      ^ in C:\xampp\htdocs\full\backend\apisabeygana\system\Database\Postgre\Connection.php:140
Stack trace:
#0 [internal function]: CodeIgniter\Debug\Exceptions->errorHandler(2, 'pg_query(): Que...', 'C:\\xampp\\htdocs...', 140)
#1 C:\xampp\htdocs\full\backend\apisabeygana\system\Database\Postgre\Connection.php(140): pg_query(Object(PgSql\Connection), 'SELECT * FROM p...')
#2 C:\xampp\htdocs\full\backend\apisabeygana\system\Database\BaseConnection.php(666): CodeIgniter\Database\Postgre\Connection->execute('SELECT * FROM p...')
#3 C:\xampp\htdocs\full\backend\apisabeygana\system\Database\BaseConnection.php(593): CodeIgniter\Database\BaseConnection->simpleQuery('SELECT * FROM p...')
#4 C:\xampp\htdocs\full\backend\apisabeygana\app\Controllers\API\User.php(19): CodeIgniter\Database\BaseConnection->query('SELECT * FROM p...')
#5 C:\xampp\htdocs\full\backend\apisabeygana\system\CodeIgniter.php(927): App\Controllers\API\User->index()
#6 C:\xampp\htdocs\full\backend\apisabeygana\system\CodeIgniter.php(482): CodeIgniter\CodeIgniter->runController(Object(App\Controllers\API\User))
#7 C:\xampp\htdocs\full\backend\apisabeygana\system\CodeIgniter.php(351): CodeIgniter\CodeIgniter->handleRequest(NULL, Object(Config\Cache), false)
#8 C:\xampp\htdocs\full\backend\apisabeygana\public\index.php(67): CodeIgniter\CodeIgniter->run()
#9 {main}
CRITICAL - 2023-03-13 12:10:43 --> Call to a member function getResultArray() on bool
in APPPATH\Controllers\API\User.php on line 20.
 1 SYSTEMPATH\CodeIgniter.php(927): App\Controllers\API\User->index()
 2 SYSTEMPATH\CodeIgniter.php(482): CodeIgniter\CodeIgniter->runController(Object(App\Controllers\API\User))
 3 SYSTEMPATH\CodeIgniter.php(351): CodeIgniter\CodeIgniter->handleRequest(null, Object(Config\Cache), false)
 4 FCPATH\index.php(67): CodeIgniter\CodeIgniter->run()
CRITICAL - 2023-03-13 12:11:43 --> Undefined variable $sqltematicas
in APPPATH\Controllers\API\User.php on line 19.
 1 APPPATH\Controllers\API\User.php(19): CodeIgniter\Debug\Exceptions->errorHandler(2, 'Undefined variable $sqltematicas', 'APPPATH\\Controllers\\API\\User.php', 19)
 2 SYSTEMPATH\CodeIgniter.php(927): App\Controllers\API\User->index()
 3 SYSTEMPATH\CodeIgniter.php(482): CodeIgniter\CodeIgniter->runController(Object(App\Controllers\API\User))
 4 SYSTEMPATH\CodeIgniter.php(351): CodeIgniter\CodeIgniter->handleRequest(null, Object(Config\Cache), false)
 5 FCPATH\index.php(67): CodeIgniter\CodeIgniter->run()
CRITICAL - 2023-03-13 12:11:44 --> Undefined variable $sqltematicas
in APPPATH\Controllers\API\User.php on line 19.
 1 APPPATH\Controllers\API\User.php(19): CodeIgniter\Debug\Exceptions->errorHandler(2, 'Undefined variable $sqltematicas', 'APPPATH\\Controllers\\API\\User.php', 19)
 2 SYSTEMPATH\CodeIgniter.php(927): App\Controllers\API\User->index()
 3 SYSTEMPATH\CodeIgniter.php(482): CodeIgniter\CodeIgniter->runController(Object(App\Controllers\API\User))
 4 SYSTEMPATH\CodeIgniter.php(351): CodeIgniter\CodeIgniter->handleRequest(null, Object(Config\Cache), false)
 5 FCPATH\index.php(67): CodeIgniter\CodeIgniter->run()
CRITICAL - 2023-03-13 12:11:45 --> Undefined variable $sqltematicas
in APPPATH\Controllers\API\User.php on line 19.
 1 APPPATH\Controllers\API\User.php(19): CodeIgniter\Debug\Exceptions->errorHandler(2, 'Undefined variable $sqltematicas', 'APPPATH\\Controllers\\API\\User.php', 19)
 2 SYSTEMPATH\CodeIgniter.php(927): App\Controllers\API\User->index()
 3 SYSTEMPATH\CodeIgniter.php(482): CodeIgniter\CodeIgniter->runController(Object(App\Controllers\API\User))
 4 SYSTEMPATH\CodeIgniter.php(351): CodeIgniter\CodeIgniter->handleRequest(null, Object(Config\Cache), false)
 5 FCPATH\index.php(67): CodeIgniter\CodeIgniter->run()
CRITICAL - 2023-03-13 12:11:46 --> Undefined variable $sqltematicas
in APPPATH\Controllers\API\User.php on line 19.
 1 APPPATH\Controllers\API\User.php(19): CodeIgniter\Debug\Exceptions->errorHandler(2, 'Undefined variable $sqltematicas', 'APPPATH\\Controllers\\API\\User.php', 19)
 2 SYSTEMPATH\CodeIgniter.php(927): App\Controllers\API\User->index()
 3 SYSTEMPATH\CodeIgniter.php(482): CodeIgniter\CodeIgniter->runController(Object(App\Controllers\API\User))
 4 SYSTEMPATH\CodeIgniter.php(351): CodeIgniter\CodeIgniter->handleRequest(null, Object(Config\Cache), false)
 5 FCPATH\index.php(67): CodeIgniter\CodeIgniter->run()
CRITICAL - 2023-03-13 18:31:36 --> Class "App\Controllers\API\SaldoModel" not found
in APPPATH\Controllers\API\Saldo.php on line 12.
 1 SYSTEMPATH\CodeIgniter.php(889): App\Controllers\API\Saldo->__construct()
 2 SYSTEMPATH\CodeIgniter.php(473): CodeIgniter\CodeIgniter->createController()
 3 SYSTEMPATH\CodeIgniter.php(351): CodeIgniter\CodeIgniter->handleRequest(null, Object(Config\Cache), false)
 4 FCPATH\index.php(67): CodeIgniter\CodeIgniter->run()
