ERROR - 2023-03-23 04:12:38 --> Error connecting to the database: ErrorException: pg_connect(): Unable to connect to PostgreSQL server: could not connect to server: Connection timed out (0x0000274C/10060)
	Is the server running on host &quot;172.107.175.82&quot; and accepting
	TCP/IP connections on port 5432? in C:\xampp\htdocs\full\backend\apisabeygana\system\Database\Postgre\Connection.php:69
Stack trace:
#0 [internal function]: CodeIgniter\Debug\Exceptions->errorHandler(2, 'pg_connect(): U...', 'C:\\xampp\\htdocs...', 69)
#1 C:\xampp\htdocs\full\backend\apisabeygana\system\Database\Postgre\Connection.php(69): pg_connect('host=172.107.17...')
#2 C:\xampp\htdocs\full\backend\apisabeygana\system\Database\BaseConnection.php(382): CodeIgniter\Database\Postgre\Connection->connect(false)
#3 C:\xampp\htdocs\full\backend\apisabeygana\system\Database\BaseConnection.php(561): CodeIgniter\Database\BaseConnection->initialize()
#4 C:\xampp\htdocs\full\backend\apisabeygana\app\Controllers\API\User.php(20): CodeIgniter\Database\BaseConnection->query('SELECT * FROM d...')
#5 C:\xampp\htdocs\full\backend\apisabeygana\system\CodeIgniter.php(927): App\Controllers\API\User->index()
#6 C:\xampp\htdocs\full\backend\apisabeygana\system\CodeIgniter.php(482): CodeIgniter\CodeIgniter->runController(Object(App\Controllers\API\User))
#7 C:\xampp\htdocs\full\backend\apisabeygana\system\CodeIgniter.php(351): CodeIgniter\CodeIgniter->handleRequest(NULL, Object(Config\Cache), false)
#8 C:\xampp\htdocs\full\backend\apisabeygana\public\index.php(67): CodeIgniter\CodeIgniter->run()
#9 {main}
CRITICAL - 2023-03-23 04:12:38 --> Unable to connect to the database.
Main connection [postgre]: pg_connect(): Unable to connect to PostgreSQL server: could not connect to server: Connection timed out (0x0000274C/10060)
	Is the server running on host &quot;172.107.175.82&quot; and accepting
	TCP/IP connections on port 5432?
in SYSTEMPATH\Database\BaseConnection.php on line 418.
 1 SYSTEMPATH\Database\BaseConnection.php(561): CodeIgniter\Database\BaseConnection->initialize()
 2 APPPATH\Controllers\API\User.php(20): CodeIgniter\Database\BaseConnection->query('SELECT * FROM digitalapi.dcu_usuario
        ORDER BY use_int_id ASC ')
 3 SYSTEMPATH\CodeIgniter.php(927): App\Controllers\API\User->index()
 4 SYSTEMPATH\CodeIgniter.php(482): CodeIgniter\CodeIgniter->runController(Object(App\Controllers\API\User))
 5 SYSTEMPATH\CodeIgniter.php(351): CodeIgniter\CodeIgniter->handleRequest(null, Object(Config\Cache), false)
 6 FCPATH\index.php(67): CodeIgniter\CodeIgniter->run()
ERROR - 2023-03-23 04:12:59 --> Error connecting to the database: ErrorException: pg_connect(): Unable to connect to PostgreSQL server: could not connect to server: Connection timed out (0x0000274C/10060)
	Is the server running on host &quot;172.107.175.82&quot; and accepting
	TCP/IP connections on port 5432? in C:\xampp\htdocs\full\backend\apisabeygana\system\Database\Postgre\Connection.php:69
Stack trace:
#0 [internal function]: CodeIgniter\Debug\Exceptions->errorHandler(2, 'pg_connect(): U...', 'C:\\xampp\\htdocs...', 69)
#1 C:\xampp\htdocs\full\backend\apisabeygana\system\Database\Postgre\Connection.php(69): pg_connect('host=172.107.17...')
#2 C:\xampp\htdocs\full\backend\apisabeygana\system\Database\BaseConnection.php(382): CodeIgniter\Database\Postgre\Connection->connect(false)
#3 C:\xampp\htdocs\full\backend\apisabeygana\system\Database\BaseConnection.php(561): CodeIgniter\Database\BaseConnection->initialize()
#4 C:\xampp\htdocs\full\backend\apisabeygana\app\Controllers\API\User.php(20): CodeIgniter\Database\BaseConnection->query('SELECT * FROM d...')
#5 C:\xampp\htdocs\full\backend\apisabeygana\system\CodeIgniter.php(927): App\Controllers\API\User->index()
#6 C:\xampp\htdocs\full\backend\apisabeygana\system\CodeIgniter.php(482): CodeIgniter\CodeIgniter->runController(Object(App\Controllers\API\User))
#7 C:\xampp\htdocs\full\backend\apisabeygana\system\CodeIgniter.php(351): CodeIgniter\CodeIgniter->handleRequest(NULL, Object(Config\Cache), false)
#8 C:\xampp\htdocs\full\backend\apisabeygana\public\index.php(67): CodeIgniter\CodeIgniter->run()
#9 {main}
CRITICAL - 2023-03-23 04:12:59 --> Unable to connect to the database.
Main connection [postgre]: pg_connect(): Unable to connect to PostgreSQL server: could not connect to server: Connection timed out (0x0000274C/10060)
	Is the server running on host &quot;172.107.175.82&quot; and accepting
	TCP/IP connections on port 5432?
in SYSTEMPATH\Database\BaseConnection.php on line 418.
 1 SYSTEMPATH\Database\BaseConnection.php(561): CodeIgniter\Database\BaseConnection->initialize()
 2 APPPATH\Controllers\API\User.php(20): CodeIgniter\Database\BaseConnection->query('SELECT * FROM digitalapi.dcu_usuario
        ORDER BY use_int_id ASC ')
 3 SYSTEMPATH\CodeIgniter.php(927): App\Controllers\API\User->index()
 4 SYSTEMPATH\CodeIgniter.php(482): CodeIgniter\CodeIgniter->runController(Object(App\Controllers\API\User))
 5 SYSTEMPATH\CodeIgniter.php(351): CodeIgniter\CodeIgniter->handleRequest(null, Object(Config\Cache), false)
 6 FCPATH\index.php(67): CodeIgniter\CodeIgniter->run()
ERROR - 2023-03-23 23:02:50 --> Error connecting to the database: ErrorException: pg_connect(): Unable to connect to PostgreSQL server: could not connect to server: Connection refused (0x0000274D/10061)
	Is the server running on host &quot;172.107.175.82&quot; and accepting
	TCP/IP connections on port 5432? in C:\xampp\htdocs\full\backend\apisabeygana\system\Database\Postgre\Connection.php:69
Stack trace:
#0 [internal function]: CodeIgniter\Debug\Exceptions->errorHandler(2, 'pg_connect(): U...', 'C:\\xampp\\htdocs...', 69)
#1 C:\xampp\htdocs\full\backend\apisabeygana\system\Database\Postgre\Connection.php(69): pg_connect('host=172.107.17...')
#2 C:\xampp\htdocs\full\backend\apisabeygana\system\Database\BaseConnection.php(382): CodeIgniter\Database\Postgre\Connection->connect(false)
#3 C:\xampp\htdocs\full\backend\apisabeygana\system\Database\BaseConnection.php(561): CodeIgniter\Database\BaseConnection->initialize()
#4 C:\xampp\htdocs\full\backend\apisabeygana\app\Controllers\API\User.php(20): CodeIgniter\Database\BaseConnection->query('SELECT * FROM d...')
#5 C:\xampp\htdocs\full\backend\apisabeygana\system\CodeIgniter.php(927): App\Controllers\API\User->index()
#6 C:\xampp\htdocs\full\backend\apisabeygana\system\CodeIgniter.php(482): CodeIgniter\CodeIgniter->runController(Object(App\Controllers\API\User))
#7 C:\xampp\htdocs\full\backend\apisabeygana\system\CodeIgniter.php(351): CodeIgniter\CodeIgniter->handleRequest(NULL, Object(Config\Cache), false)
#8 C:\xampp\htdocs\full\backend\apisabeygana\public\index.php(67): CodeIgniter\CodeIgniter->run()
#9 {main}
CRITICAL - 2023-03-23 23:02:50 --> Unable to connect to the database.
Main connection [postgre]: pg_connect(): Unable to connect to PostgreSQL server: could not connect to server: Connection refused (0x0000274D/10061)
	Is the server running on host &quot;172.107.175.82&quot; and accepting
	TCP/IP connections on port 5432?
in SYSTEMPATH\Database\BaseConnection.php on line 418.
 1 SYSTEMPATH\Database\BaseConnection.php(561): CodeIgniter\Database\BaseConnection->initialize()
 2 APPPATH\Controllers\API\User.php(20): CodeIgniter\Database\BaseConnection->query('SELECT * FROM digitalapi.dcu_usuario
        ORDER BY use_int_id ASC ')
 3 SYSTEMPATH\CodeIgniter.php(927): App\Controllers\API\User->index()
 4 SYSTEMPATH\CodeIgniter.php(482): CodeIgniter\CodeIgniter->runController(Object(App\Controllers\API\User))
 5 SYSTEMPATH\CodeIgniter.php(351): CodeIgniter\CodeIgniter->handleRequest(null, Object(Config\Cache), false)
 6 FCPATH\index.php(67): CodeIgniter\CodeIgniter->run()
ERROR - 2023-03-23 23:03:14 --> Error connecting to the database: ErrorException: pg_connect(): Unable to connect to PostgreSQL server: could not connect to server: Connection refused (0x0000274D/10061)
	Is the server running on host &quot;172.107.175.82&quot; and accepting
	TCP/IP connections on port 5432? in C:\xampp\htdocs\full\backend\apisabeygana\system\Database\Postgre\Connection.php:69
Stack trace:
#0 [internal function]: CodeIgniter\Debug\Exceptions->errorHandler(2, 'pg_connect(): U...', 'C:\\xampp\\htdocs...', 69)
#1 C:\xampp\htdocs\full\backend\apisabeygana\system\Database\Postgre\Connection.php(69): pg_connect('host=172.107.17...')
#2 C:\xampp\htdocs\full\backend\apisabeygana\system\Database\BaseConnection.php(382): CodeIgniter\Database\Postgre\Connection->connect(false)
#3 C:\xampp\htdocs\full\backend\apisabeygana\system\Database\BaseConnection.php(561): CodeIgniter\Database\BaseConnection->initialize()
#4 C:\xampp\htdocs\full\backend\apisabeygana\app\Controllers\API\User.php(20): CodeIgniter\Database\BaseConnection->query('SELECT * FROM d...')
#5 C:\xampp\htdocs\full\backend\apisabeygana\system\CodeIgniter.php(927): App\Controllers\API\User->index()
#6 C:\xampp\htdocs\full\backend\apisabeygana\system\CodeIgniter.php(482): CodeIgniter\CodeIgniter->runController(Object(App\Controllers\API\User))
#7 C:\xampp\htdocs\full\backend\apisabeygana\system\CodeIgniter.php(351): CodeIgniter\CodeIgniter->handleRequest(NULL, Object(Config\Cache), false)
#8 C:\xampp\htdocs\full\backend\apisabeygana\public\index.php(67): CodeIgniter\CodeIgniter->run()
#9 {main}
CRITICAL - 2023-03-23 23:03:14 --> Unable to connect to the database.
Main connection [postgre]: pg_connect(): Unable to connect to PostgreSQL server: could not connect to server: Connection refused (0x0000274D/10061)
	Is the server running on host &quot;172.107.175.82&quot; and accepting
	TCP/IP connections on port 5432?
in SYSTEMPATH\Database\BaseConnection.php on line 418.
 1 SYSTEMPATH\Database\BaseConnection.php(561): CodeIgniter\Database\BaseConnection->initialize()
 2 APPPATH\Controllers\API\User.php(20): CodeIgniter\Database\BaseConnection->query('SELECT * FROM digitalapi.dcu_usuario
        ORDER BY use_int_id ASC ')
 3 SYSTEMPATH\CodeIgniter.php(927): App\Controllers\API\User->index()
 4 SYSTEMPATH\CodeIgniter.php(482): CodeIgniter\CodeIgniter->runController(Object(App\Controllers\API\User))
 5 SYSTEMPATH\CodeIgniter.php(351): CodeIgniter\CodeIgniter->handleRequest(null, Object(Config\Cache), false)
 6 FCPATH\index.php(67): CodeIgniter\CodeIgniter->run()
ERROR - 2023-03-23 23:03:30 --> Error connecting to the database: ErrorException: pg_connect(): Unable to connect to PostgreSQL server: could not connect to server: Connection refused (0x0000274D/10061)
	Is the server running on host &quot;172.107.175.82&quot; and accepting
	TCP/IP connections on port 5432? in C:\xampp\htdocs\full\backend\apisabeygana\system\Database\Postgre\Connection.php:69
Stack trace:
#0 [internal function]: CodeIgniter\Debug\Exceptions->errorHandler(2, 'pg_connect(): U...', 'C:\\xampp\\htdocs...', 69)
#1 C:\xampp\htdocs\full\backend\apisabeygana\system\Database\Postgre\Connection.php(69): pg_connect('host=172.107.17...')
#2 C:\xampp\htdocs\full\backend\apisabeygana\system\Database\BaseConnection.php(382): CodeIgniter\Database\Postgre\Connection->connect(false)
#3 C:\xampp\htdocs\full\backend\apisabeygana\system\Database\BaseConnection.php(561): CodeIgniter\Database\BaseConnection->initialize()
#4 C:\xampp\htdocs\full\backend\apisabeygana\app\Controllers\API\User.php(20): CodeIgniter\Database\BaseConnection->query('SELECT * FROM d...')
#5 C:\xampp\htdocs\full\backend\apisabeygana\system\CodeIgniter.php(927): App\Controllers\API\User->index()
#6 C:\xampp\htdocs\full\backend\apisabeygana\system\CodeIgniter.php(482): CodeIgniter\CodeIgniter->runController(Object(App\Controllers\API\User))
#7 C:\xampp\htdocs\full\backend\apisabeygana\system\CodeIgniter.php(351): CodeIgniter\CodeIgniter->handleRequest(NULL, Object(Config\Cache), false)
#8 C:\xampp\htdocs\full\backend\apisabeygana\public\index.php(67): CodeIgniter\CodeIgniter->run()
#9 {main}
CRITICAL - 2023-03-23 23:03:30 --> Unable to connect to the database.
Main connection [postgre]: pg_connect(): Unable to connect to PostgreSQL server: could not connect to server: Connection refused (0x0000274D/10061)
	Is the server running on host &quot;172.107.175.82&quot; and accepting
	TCP/IP connections on port 5432?
in SYSTEMPATH\Database\BaseConnection.php on line 418.
 1 SYSTEMPATH\Database\BaseConnection.php(561): CodeIgniter\Database\BaseConnection->initialize()
 2 APPPATH\Controllers\API\User.php(20): CodeIgniter\Database\BaseConnection->query('SELECT * FROM digitalapi.dcu_usuario
        ORDER BY use_int_id ASC ')
 3 SYSTEMPATH\CodeIgniter.php(927): App\Controllers\API\User->index()
 4 SYSTEMPATH\CodeIgniter.php(482): CodeIgniter\CodeIgniter->runController(Object(App\Controllers\API\User))
 5 SYSTEMPATH\CodeIgniter.php(351): CodeIgniter\CodeIgniter->handleRequest(null, Object(Config\Cache), false)
 6 FCPATH\index.php(67): CodeIgniter\CodeIgniter->run()
ERROR - 2023-03-23 23:04:33 --> Error connecting to the database: ErrorException: pg_connect(): Unable to connect to PostgreSQL server: could not connect to server: Connection refused (0x0000274D/10061)
	Is the server running on host &quot;172.107.175.82&quot; and accepting
	TCP/IP connections on port 5432? in C:\xampp\htdocs\full\backend\apisabeygana\system\Database\Postgre\Connection.php:69
Stack trace:
#0 [internal function]: CodeIgniter\Debug\Exceptions->errorHandler(2, 'pg_connect(): U...', 'C:\\xampp\\htdocs...', 69)
#1 C:\xampp\htdocs\full\backend\apisabeygana\system\Database\Postgre\Connection.php(69): pg_connect('host=172.107.17...')
#2 C:\xampp\htdocs\full\backend\apisabeygana\system\Database\BaseConnection.php(382): CodeIgniter\Database\Postgre\Connection->connect(false)
#3 C:\xampp\htdocs\full\backend\apisabeygana\system\Database\BaseConnection.php(561): CodeIgniter\Database\BaseConnection->initialize()
#4 C:\xampp\htdocs\full\backend\apisabeygana\app\Controllers\API\User.php(20): CodeIgniter\Database\BaseConnection->query('SELECT * FROM d...')
#5 C:\xampp\htdocs\full\backend\apisabeygana\system\CodeIgniter.php(927): App\Controllers\API\User->index()
#6 C:\xampp\htdocs\full\backend\apisabeygana\system\CodeIgniter.php(482): CodeIgniter\CodeIgniter->runController(Object(App\Controllers\API\User))
#7 C:\xampp\htdocs\full\backend\apisabeygana\system\CodeIgniter.php(351): CodeIgniter\CodeIgniter->handleRequest(NULL, Object(Config\Cache), false)
#8 C:\xampp\htdocs\full\backend\apisabeygana\public\index.php(67): CodeIgniter\CodeIgniter->run()
#9 {main}
CRITICAL - 2023-03-23 23:04:33 --> Unable to connect to the database.
Main connection [postgre]: pg_connect(): Unable to connect to PostgreSQL server: could not connect to server: Connection refused (0x0000274D/10061)
	Is the server running on host &quot;172.107.175.82&quot; and accepting
	TCP/IP connections on port 5432?
in SYSTEMPATH\Database\BaseConnection.php on line 418.
 1 SYSTEMPATH\Database\BaseConnection.php(561): CodeIgniter\Database\BaseConnection->initialize()
 2 APPPATH\Controllers\API\User.php(20): CodeIgniter\Database\BaseConnection->query('SELECT * FROM digitalapi.dcu_usuario
        ORDER BY use_int_id ASC ')
 3 SYSTEMPATH\CodeIgniter.php(927): App\Controllers\API\User->index()
 4 SYSTEMPATH\CodeIgniter.php(482): CodeIgniter\CodeIgniter->runController(Object(App\Controllers\API\User))
 5 SYSTEMPATH\CodeIgniter.php(351): CodeIgniter\CodeIgniter->handleRequest(null, Object(Config\Cache), false)
 6 FCPATH\index.php(67): CodeIgniter\CodeIgniter->run()
ERROR - 2023-03-23 23:06:17 --> Error connecting to the database: ErrorException: pg_connect(): Unable to connect to PostgreSQL server: could not connect to server: Connection refused (0x0000274D/10061)
	Is the server running on host &quot;172.107.175.82&quot; and accepting
	TCP/IP connections on port 5432? in C:\xampp\htdocs\full\backend\apisabeygana\system\Database\Postgre\Connection.php:69
Stack trace:
#0 [internal function]: CodeIgniter\Debug\Exceptions->errorHandler(2, 'pg_connect(): U...', 'C:\\xampp\\htdocs...', 69)
#1 C:\xampp\htdocs\full\backend\apisabeygana\system\Database\Postgre\Connection.php(69): pg_connect('host=172.107.17...')
#2 C:\xampp\htdocs\full\backend\apisabeygana\system\Database\BaseConnection.php(382): CodeIgniter\Database\Postgre\Connection->connect(false)
#3 C:\xampp\htdocs\full\backend\apisabeygana\system\Database\BaseConnection.php(561): CodeIgniter\Database\BaseConnection->initialize()
#4 C:\xampp\htdocs\full\backend\apisabeygana\app\Controllers\API\User.php(20): CodeIgniter\Database\BaseConnection->query('SELECT * FROM d...')
#5 C:\xampp\htdocs\full\backend\apisabeygana\system\CodeIgniter.php(927): App\Controllers\API\User->index()
#6 C:\xampp\htdocs\full\backend\apisabeygana\system\CodeIgniter.php(482): CodeIgniter\CodeIgniter->runController(Object(App\Controllers\API\User))
#7 C:\xampp\htdocs\full\backend\apisabeygana\system\CodeIgniter.php(351): CodeIgniter\CodeIgniter->handleRequest(NULL, Object(Config\Cache), false)
#8 C:\xampp\htdocs\full\backend\apisabeygana\public\index.php(67): CodeIgniter\CodeIgniter->run()
#9 {main}
CRITICAL - 2023-03-23 23:06:17 --> Unable to connect to the database.
Main connection [postgre]: pg_connect(): Unable to connect to PostgreSQL server: could not connect to server: Connection refused (0x0000274D/10061)
	Is the server running on host &quot;172.107.175.82&quot; and accepting
	TCP/IP connections on port 5432?
in SYSTEMPATH\Database\BaseConnection.php on line 418.
 1 SYSTEMPATH\Database\BaseConnection.php(561): CodeIgniter\Database\BaseConnection->initialize()
 2 APPPATH\Controllers\API\User.php(20): CodeIgniter\Database\BaseConnection->query('SELECT * FROM digitalapi.dcu_usuario
        ORDER BY use_int_id ASC ')
 3 SYSTEMPATH\CodeIgniter.php(927): App\Controllers\API\User->index()
 4 SYSTEMPATH\CodeIgniter.php(482): CodeIgniter\CodeIgniter->runController(Object(App\Controllers\API\User))
 5 SYSTEMPATH\CodeIgniter.php(351): CodeIgniter\CodeIgniter->handleRequest(null, Object(Config\Cache), false)
 6 FCPATH\index.php(67): CodeIgniter\CodeIgniter->run()
ERROR - 2023-03-23 23:35:15 --> ErrorException: pg_query(): Query failed: ERROR:  operator does not exist: text &gt;= timestamp with time zone
LINE 3:         WHERE bin_txt_fecharegistro &gt;= NOW() - INTERVAL '24 ...
                                            ^
HINT:  No operator matches the given name and argument type(s). You might need to add explicit type casts. in C:\xampp\htdocs\full\backend\apisabeygana\system\Database\Postgre\Connection.php:140
Stack trace:
#0 [internal function]: CodeIgniter\Debug\Exceptions->errorHandler(2, 'pg_query(): Que...', 'C:\\xampp\\htdocs...', 140)
#1 C:\xampp\htdocs\full\backend\apisabeygana\system\Database\Postgre\Connection.php(140): pg_query(Object(PgSql\Connection), 'SELECT count(*)...')
#2 C:\xampp\htdocs\full\backend\apisabeygana\system\Database\BaseConnection.php(666): CodeIgniter\Database\Postgre\Connection->execute('SELECT count(*)...')
#3 C:\xampp\htdocs\full\backend\apisabeygana\system\Database\BaseConnection.php(593): CodeIgniter\Database\BaseConnection->simpleQuery('SELECT count(*)...')
#4 C:\xampp\htdocs\full\backend\apisabeygana\app\Controllers\API\User.php(56): CodeIgniter\Database\BaseConnection->query('SELECT count(*)...')
#5 C:\xampp\htdocs\full\backend\apisabeygana\system\CodeIgniter.php(927): App\Controllers\API\User->main()
#6 C:\xampp\htdocs\full\backend\apisabeygana\system\CodeIgniter.php(482): CodeIgniter\CodeIgniter->runController(Object(App\Controllers\API\User))
#7 C:\xampp\htdocs\full\backend\apisabeygana\system\CodeIgniter.php(351): CodeIgniter\CodeIgniter->handleRequest(NULL, Object(Config\Cache), false)
#8 C:\xampp\htdocs\full\backend\apisabeygana\public\index.php(67): CodeIgniter\CodeIgniter->run()
#9 {main}
CRITICAL - 2023-03-23 23:35:15 --> Call to a member function getResultArray() on bool
in APPPATH\Controllers\API\User.php on line 64.
 1 SYSTEMPATH\CodeIgniter.php(927): App\Controllers\API\User->main()
 2 SYSTEMPATH\CodeIgniter.php(482): CodeIgniter\CodeIgniter->runController(Object(App\Controllers\API\User))
 3 SYSTEMPATH\CodeIgniter.php(351): CodeIgniter\CodeIgniter->handleRequest(null, Object(Config\Cache), false)
 4 FCPATH\index.php(67): CodeIgniter\CodeIgniter->run()
ERROR - 2023-03-23 23:35:59 --> ErrorException: pg_query(): Query failed: ERROR:  operator does not exist: text &gt;= timestamp with time zone
LINE 3:         WHERE bin_txt_fecharegistro &gt;= NOW() - INTERVAL '24 ...
                                            ^
HINT:  No operator matches the given name and argument type(s). You might need to add explicit type casts. in C:\xampp\htdocs\full\backend\apisabeygana\system\Database\Postgre\Connection.php:140
Stack trace:
#0 [internal function]: CodeIgniter\Debug\Exceptions->errorHandler(2, 'pg_query(): Que...', 'C:\\xampp\\htdocs...', 140)
#1 C:\xampp\htdocs\full\backend\apisabeygana\system\Database\Postgre\Connection.php(140): pg_query(Object(PgSql\Connection), 'SELECT count(*)...')
#2 C:\xampp\htdocs\full\backend\apisabeygana\system\Database\BaseConnection.php(666): CodeIgniter\Database\Postgre\Connection->execute('SELECT count(*)...')
#3 C:\xampp\htdocs\full\backend\apisabeygana\system\Database\BaseConnection.php(593): CodeIgniter\Database\BaseConnection->simpleQuery('SELECT count(*)...')
#4 C:\xampp\htdocs\full\backend\apisabeygana\app\Controllers\API\User.php(56): CodeIgniter\Database\BaseConnection->query('SELECT count(*)...')
#5 C:\xampp\htdocs\full\backend\apisabeygana\system\CodeIgniter.php(927): App\Controllers\API\User->main()
#6 C:\xampp\htdocs\full\backend\apisabeygana\system\CodeIgniter.php(482): CodeIgniter\CodeIgniter->runController(Object(App\Controllers\API\User))
#7 C:\xampp\htdocs\full\backend\apisabeygana\system\CodeIgniter.php(351): CodeIgniter\CodeIgniter->handleRequest(NULL, Object(Config\Cache), false)
#8 C:\xampp\htdocs\full\backend\apisabeygana\public\index.php(67): CodeIgniter\CodeIgniter->run()
#9 {main}
ERROR - 2023-03-23 23:35:59 --> ErrorException: pg_query(): Query failed: ERROR:  relation &quot;dcu_saldo&quot; does not exist
LINE 1: SELECT * FROM dcu_saldo
                      ^ in C:\xampp\htdocs\full\backend\apisabeygana\system\Database\Postgre\Connection.php:140
Stack trace:
#0 [internal function]: CodeIgniter\Debug\Exceptions->errorHandler(2, 'pg_query(): Que...', 'C:\\xampp\\htdocs...', 140)
#1 C:\xampp\htdocs\full\backend\apisabeygana\system\Database\Postgre\Connection.php(140): pg_query(Object(PgSql\Connection), 'SELECT * FROM d...')
#2 C:\xampp\htdocs\full\backend\apisabeygana\system\Database\BaseConnection.php(666): CodeIgniter\Database\Postgre\Connection->execute('SELECT * FROM d...')
#3 C:\xampp\htdocs\full\backend\apisabeygana\system\Database\BaseConnection.php(593): CodeIgniter\Database\BaseConnection->simpleQuery('SELECT * FROM d...')
#4 C:\xampp\htdocs\full\backend\apisabeygana\app\Controllers\API\User.php(60): CodeIgniter\Database\BaseConnection->query('SELECT * FROM d...')
#5 C:\xampp\htdocs\full\backend\apisabeygana\system\CodeIgniter.php(927): App\Controllers\API\User->main()
#6 C:\xampp\htdocs\full\backend\apisabeygana\system\CodeIgniter.php(482): CodeIgniter\CodeIgniter->runController(Object(App\Controllers\API\User))
#7 C:\xampp\htdocs\full\backend\apisabeygana\system\CodeIgniter.php(351): CodeIgniter\CodeIgniter->handleRequest(NULL, Object(Config\Cache), false)
#8 C:\xampp\htdocs\full\backend\apisabeygana\public\index.php(67): CodeIgniter\CodeIgniter->run()
#9 {main}
CRITICAL - 2023-03-23 23:35:59 --> Call to a member function getResultArray() on bool
in APPPATH\Controllers\API\User.php on line 64.
 1 SYSTEMPATH\CodeIgniter.php(927): App\Controllers\API\User->main()
 2 SYSTEMPATH\CodeIgniter.php(482): CodeIgniter\CodeIgniter->runController(Object(App\Controllers\API\User))
 3 SYSTEMPATH\CodeIgniter.php(351): CodeIgniter\CodeIgniter->handleRequest(null, Object(Config\Cache), false)
 4 FCPATH\index.php(67): CodeIgniter\CodeIgniter->run()
ERROR - 2023-03-23 23:39:45 --> ErrorException: pg_query(): Query failed: ERROR:  operator does not exist: text &gt;= timestamp with time zone
LINE 3:         WHERE bin_txt_fecharegistro &gt;= NOW() - INTERVAL '24 ...
                                            ^
HINT:  No operator matches the given name and argument type(s). You might need to add explicit type casts. in C:\xampp\htdocs\full\backend\apisabeygana\system\Database\Postgre\Connection.php:140
Stack trace:
#0 [internal function]: CodeIgniter\Debug\Exceptions->errorHandler(2, 'pg_query(): Que...', 'C:\\xampp\\htdocs...', 140)
#1 C:\xampp\htdocs\full\backend\apisabeygana\system\Database\Postgre\Connection.php(140): pg_query(Object(PgSql\Connection), 'SELECT count(*)...')
#2 C:\xampp\htdocs\full\backend\apisabeygana\system\Database\BaseConnection.php(666): CodeIgniter\Database\Postgre\Connection->execute('SELECT count(*)...')
#3 C:\xampp\htdocs\full\backend\apisabeygana\system\Database\BaseConnection.php(593): CodeIgniter\Database\BaseConnection->simpleQuery('SELECT count(*)...')
#4 C:\xampp\htdocs\full\backend\apisabeygana\app\Controllers\API\User.php(56): CodeIgniter\Database\BaseConnection->query('SELECT count(*)...')
#5 C:\xampp\htdocs\full\backend\apisabeygana\system\CodeIgniter.php(927): App\Controllers\API\User->main()
#6 C:\xampp\htdocs\full\backend\apisabeygana\system\CodeIgniter.php(482): CodeIgniter\CodeIgniter->runController(Object(App\Controllers\API\User))
#7 C:\xampp\htdocs\full\backend\apisabeygana\system\CodeIgniter.php(351): CodeIgniter\CodeIgniter->handleRequest(NULL, Object(Config\Cache), false)
#8 C:\xampp\htdocs\full\backend\apisabeygana\public\index.php(67): CodeIgniter\CodeIgniter->run()
#9 {main}
CRITICAL - 2023-03-23 23:39:46 --> Call to a member function getResultArray() on bool
in APPPATH\Controllers\API\User.php on line 64.
 1 SYSTEMPATH\CodeIgniter.php(927): App\Controllers\API\User->main()
 2 SYSTEMPATH\CodeIgniter.php(482): CodeIgniter\CodeIgniter->runController(Object(App\Controllers\API\User))
 3 SYSTEMPATH\CodeIgniter.php(351): CodeIgniter\CodeIgniter->handleRequest(null, Object(Config\Cache), false)
 4 FCPATH\index.php(67): CodeIgniter\CodeIgniter->run()
ERROR - 2023-03-23 23:40:19 --> ErrorException: pg_query(): Query failed: ERROR:  operator does not exist: text &gt;= timestamp with time zone
LINE 3:         WHERE bin_txt_fecharegistro &gt;= NOW() - INTERVAL '24 ...
                                            ^
HINT:  No operator matches the given name and argument type(s). You might need to add explicit type casts. in C:\xampp\htdocs\full\backend\apisabeygana\system\Database\Postgre\Connection.php:140
Stack trace:
#0 [internal function]: CodeIgniter\Debug\Exceptions->errorHandler(2, 'pg_query(): Que...', 'C:\\xampp\\htdocs...', 140)
#1 C:\xampp\htdocs\full\backend\apisabeygana\system\Database\Postgre\Connection.php(140): pg_query(Object(PgSql\Connection), 'SELECT count(*)...')
#2 C:\xampp\htdocs\full\backend\apisabeygana\system\Database\BaseConnection.php(666): CodeIgniter\Database\Postgre\Connection->execute('SELECT count(*)...')
#3 C:\xampp\htdocs\full\backend\apisabeygana\system\Database\BaseConnection.php(593): CodeIgniter\Database\BaseConnection->simpleQuery('SELECT count(*)...')
#4 C:\xampp\htdocs\full\backend\apisabeygana\app\Controllers\API\User.php(56): CodeIgniter\Database\BaseConnection->query('SELECT count(*)...')
#5 C:\xampp\htdocs\full\backend\apisabeygana\system\CodeIgniter.php(927): App\Controllers\API\User->main()
#6 C:\xampp\htdocs\full\backend\apisabeygana\system\CodeIgniter.php(482): CodeIgniter\CodeIgniter->runController(Object(App\Controllers\API\User))
#7 C:\xampp\htdocs\full\backend\apisabeygana\system\CodeIgniter.php(351): CodeIgniter\CodeIgniter->handleRequest(NULL, Object(Config\Cache), false)
#8 C:\xampp\htdocs\full\backend\apisabeygana\public\index.php(67): CodeIgniter\CodeIgniter->run()
#9 {main}
CRITICAL - 2023-03-23 23:40:20 --> Call to a member function getResultArray() on bool
in APPPATH\Controllers\API\User.php on line 64.
 1 SYSTEMPATH\CodeIgniter.php(927): App\Controllers\API\User->main()
 2 SYSTEMPATH\CodeIgniter.php(482): CodeIgniter\CodeIgniter->runController(Object(App\Controllers\API\User))
 3 SYSTEMPATH\CodeIgniter.php(351): CodeIgniter\CodeIgniter->handleRequest(null, Object(Config\Cache), false)
 4 FCPATH\index.php(67): CodeIgniter\CodeIgniter->run()
ERROR - 2023-03-23 23:42:42 --> ErrorException: pg_query(): Query failed: ERROR:  operator does not exist: text &gt;= timestamp with time zone
LINE 3:         WHERE bin_txt_fecharegistro &gt;= NOW() - INTERVAL '24 ...
                                            ^
HINT:  No operator matches the given name and argument type(s). You might need to add explicit type casts. in C:\xampp\htdocs\full\backend\apisabeygana\system\Database\Postgre\Connection.php:140
Stack trace:
#0 [internal function]: CodeIgniter\Debug\Exceptions->errorHandler(2, 'pg_query(): Que...', 'C:\\xampp\\htdocs...', 140)
#1 C:\xampp\htdocs\full\backend\apisabeygana\system\Database\Postgre\Connection.php(140): pg_query(Object(PgSql\Connection), 'SELECT count(*)...')
#2 C:\xampp\htdocs\full\backend\apisabeygana\system\Database\BaseConnection.php(666): CodeIgniter\Database\Postgre\Connection->execute('SELECT count(*)...')
#3 C:\xampp\htdocs\full\backend\apisabeygana\system\Database\BaseConnection.php(593): CodeIgniter\Database\BaseConnection->simpleQuery('SELECT count(*)...')
#4 C:\xampp\htdocs\full\backend\apisabeygana\app\Controllers\API\User.php(56): CodeIgniter\Database\BaseConnection->query('SELECT count(*)...')
#5 C:\xampp\htdocs\full\backend\apisabeygana\system\CodeIgniter.php(927): App\Controllers\API\User->main()
#6 C:\xampp\htdocs\full\backend\apisabeygana\system\CodeIgniter.php(482): CodeIgniter\CodeIgniter->runController(Object(App\Controllers\API\User))
#7 C:\xampp\htdocs\full\backend\apisabeygana\system\CodeIgniter.php(351): CodeIgniter\CodeIgniter->handleRequest(NULL, Object(Config\Cache), false)
#8 C:\xampp\htdocs\full\backend\apisabeygana\public\index.php(67): CodeIgniter\CodeIgniter->run()
#9 {main}
CRITICAL - 2023-03-23 23:42:42 --> Call to a member function getResultArray() on bool
in APPPATH\Controllers\API\User.php on line 63.
 1 SYSTEMPATH\CodeIgniter.php(927): App\Controllers\API\User->main()
 2 SYSTEMPATH\CodeIgniter.php(482): CodeIgniter\CodeIgniter->runController(Object(App\Controllers\API\User))
 3 SYSTEMPATH\CodeIgniter.php(351): CodeIgniter\CodeIgniter->handleRequest(null, Object(Config\Cache), false)
 4 FCPATH\index.php(67): CodeIgniter\CodeIgniter->run()
ERROR - 2023-03-23 23:47:29 --> ErrorException: pg_query(): Query failed: ERROR:  operator does not exist: text &gt;= timestamp with time zone
LINE 3: ...                      WHERE bin_txt_fecharegistro &gt;= NOW() -...
                                                             ^
HINT:  No operator matches the given name and argument type(s). You might need to add explicit type casts. in C:\xampp\htdocs\full\backend\apisabeygana\system\Database\Postgre\Connection.php:140
Stack trace:
#0 [internal function]: CodeIgniter\Debug\Exceptions->errorHandler(2, 'pg_query(): Que...', 'C:\\xampp\\htdocs...', 140)
#1 C:\xampp\htdocs\full\backend\apisabeygana\system\Database\Postgre\Connection.php(140): pg_query(Object(PgSql\Connection), 'SELECT count(*)...')
#2 C:\xampp\htdocs\full\backend\apisabeygana\system\Database\BaseConnection.php(666): CodeIgniter\Database\Postgre\Connection->execute('SELECT count(*)...')
#3 C:\xampp\htdocs\full\backend\apisabeygana\system\Database\BaseConnection.php(593): CodeIgniter\Database\BaseConnection->simpleQuery('SELECT count(*)...')
#4 C:\xampp\htdocs\full\backend\apisabeygana\app\Controllers\API\User.php(57): CodeIgniter\Database\BaseConnection->query('SELECT count(*)...')
#5 C:\xampp\htdocs\full\backend\apisabeygana\system\CodeIgniter.php(927): App\Controllers\API\User->main()
#6 C:\xampp\htdocs\full\backend\apisabeygana\system\CodeIgniter.php(482): CodeIgniter\CodeIgniter->runController(Object(App\Controllers\API\User))
#7 C:\xampp\htdocs\full\backend\apisabeygana\system\CodeIgniter.php(351): CodeIgniter\CodeIgniter->handleRequest(NULL, Object(Config\Cache), false)
#8 C:\xampp\htdocs\full\backend\apisabeygana\public\index.php(67): CodeIgniter\CodeIgniter->run()
#9 {main}
CRITICAL - 2023-03-23 23:47:29 --> Call to a member function getResult() on bool
in APPPATH\Controllers\API\User.php on line 64.
 1 SYSTEMPATH\CodeIgniter.php(927): App\Controllers\API\User->main()
 2 SYSTEMPATH\CodeIgniter.php(482): CodeIgniter\CodeIgniter->runController(Object(App\Controllers\API\User))
 3 SYSTEMPATH\CodeIgniter.php(351): CodeIgniter\CodeIgniter->handleRequest(null, Object(Config\Cache), false)
 4 FCPATH\index.php(67): CodeIgniter\CodeIgniter->run()
