CRITICAL - 2023-03-11 16:02:40 --> Class "App\Controllers\API\UserModel" not found
in APPPATH\Controllers\API\User.php on line 10.
 1 SYSTEMPATH\CodeIgniter.php(889): App\Controllers\API\User->__construct()
 2 SYSTEMPATH\CodeIgniter.php(473): CodeIgniter\CodeIgniter->createController()
 3 SYSTEMPATH\CodeIgniter.php(351): CodeIgniter\CodeIgniter->handleRequest(null, Object(Config\Cache), false)
 4 FCPATH\index.php(67): CodeIgniter\CodeIgniter->run()
ERROR - 2023-03-11 16:04:21 --> Error connecting to the database: Error: Call to undefined function CodeIgniter\Database\Postgre\pg_connect() in C:\xampp\htdocs\full\backend\apisabeygana\system\Database\Postgre\Connection.php:69
Stack trace:
#0 C:\xampp\htdocs\full\backend\apisabeygana\system\Database\BaseConnection.php(382): CodeIgniter\Database\Postgre\Connection->connect(false)
#1 C:\xampp\htdocs\full\backend\apisabeygana\system\Database\BaseConnection.php(561): CodeIgniter\Database\BaseConnection->initialize()
#2 C:\xampp\htdocs\full\backend\apisabeygana\system\Database\BaseBuilder.php(1585): CodeIgniter\Database\BaseConnection->query('SELECT *\nFROM "...', Array, false)
#3 C:\xampp\htdocs\full\backend\apisabeygana\system\Model.php(223): CodeIgniter\Database\BaseBuilder->get()
#4 C:\xampp\htdocs\full\backend\apisabeygana\system\BaseModel.php(585): CodeIgniter\Model->doFindAll(0, 0)
#5 C:\xampp\htdocs\full\backend\apisabeygana\app\Controllers\API\User.php(16): CodeIgniter\BaseModel->findAll()
#6 C:\xampp\htdocs\full\backend\apisabeygana\system\CodeIgniter.php(927): App\Controllers\API\User->index()
#7 C:\xampp\htdocs\full\backend\apisabeygana\system\CodeIgniter.php(482): CodeIgniter\CodeIgniter->runController(Object(App\Controllers\API\User))
#8 C:\xampp\htdocs\full\backend\apisabeygana\system\CodeIgniter.php(351): CodeIgniter\CodeIgniter->handleRequest(NULL, Object(Config\Cache), false)
#9 C:\xampp\htdocs\full\backend\apisabeygana\public\index.php(67): CodeIgniter\CodeIgniter->run()
#10 {main}
CRITICAL - 2023-03-11 16:04:21 --> Unable to connect to the database.
Main connection [postgre]: Call to undefined function CodeIgniter\Database\Postgre\pg_connect()
in SYSTEMPATH\Database\BaseConnection.php on line 418.
 1 SYSTEMPATH\Database\BaseConnection.php(561): CodeIgniter\Database\BaseConnection->initialize()
 2 SYSTEMPATH\Database\BaseBuilder.php(1585): CodeIgniter\Database\BaseConnection->query('SELECT *
FROM "dcu_usuario"', [], false)
 3 SYSTEMPATH\Model.php(223): CodeIgniter\Database\BaseBuilder->get()
 4 SYSTEMPATH\BaseModel.php(585): CodeIgniter\Model->doFindAll(0, 0)
 5 APPPATH\Controllers\API\User.php(16): CodeIgniter\BaseModel->findAll()
 6 SYSTEMPATH\CodeIgniter.php(927): App\Controllers\API\User->index()
 7 SYSTEMPATH\CodeIgniter.php(482): CodeIgniter\CodeIgniter->runController(Object(App\Controllers\API\User))
 8 SYSTEMPATH\CodeIgniter.php(351): CodeIgniter\CodeIgniter->handleRequest(null, Object(Config\Cache), false)
 9 FCPATH\index.php(67): CodeIgniter\CodeIgniter->run()
ERROR - 2023-03-11 16:11:46 --> Error connecting to the database: Error: Call to undefined function CodeIgniter\Database\Postgre\pg_connect() in C:\xampp\htdocs\full\backend\apisabeygana\system\Database\Postgre\Connection.php:69
Stack trace:
#0 C:\xampp\htdocs\full\backend\apisabeygana\system\Database\BaseConnection.php(382): CodeIgniter\Database\Postgre\Connection->connect(false)
#1 C:\xampp\htdocs\full\backend\apisabeygana\system\Database\BaseConnection.php(561): CodeIgniter\Database\BaseConnection->initialize()
#2 C:\xampp\htdocs\full\backend\apisabeygana\system\Database\BaseBuilder.php(1585): CodeIgniter\Database\BaseConnection->query('SELECT *\nFROM "...', Array, false)
#3 C:\xampp\htdocs\full\backend\apisabeygana\system\Model.php(223): CodeIgniter\Database\BaseBuilder->get()
#4 C:\xampp\htdocs\full\backend\apisabeygana\system\BaseModel.php(585): CodeIgniter\Model->doFindAll(0, 0)
#5 C:\xampp\htdocs\full\backend\apisabeygana\app\Controllers\API\User.php(16): CodeIgniter\BaseModel->findAll()
#6 C:\xampp\htdocs\full\backend\apisabeygana\system\CodeIgniter.php(927): App\Controllers\API\User->index()
#7 C:\xampp\htdocs\full\backend\apisabeygana\system\CodeIgniter.php(482): CodeIgniter\CodeIgniter->runController(Object(App\Controllers\API\User))
#8 C:\xampp\htdocs\full\backend\apisabeygana\system\CodeIgniter.php(351): CodeIgniter\CodeIgniter->handleRequest(NULL, Object(Config\Cache), false)
#9 C:\xampp\htdocs\full\backend\apisabeygana\public\index.php(67): CodeIgniter\CodeIgniter->run()
#10 {main}
CRITICAL - 2023-03-11 16:11:46 --> Unable to connect to the database.
Main connection [postgre]: Call to undefined function CodeIgniter\Database\Postgre\pg_connect()
in SYSTEMPATH\Database\BaseConnection.php on line 418.
 1 SYSTEMPATH\Database\BaseConnection.php(561): CodeIgniter\Database\BaseConnection->initialize()
 2 SYSTEMPATH\Database\BaseBuilder.php(1585): CodeIgniter\Database\BaseConnection->query('SELECT *
FROM "dcu_usuario"', [], false)
 3 SYSTEMPATH\Model.php(223): CodeIgniter\Database\BaseBuilder->get()
 4 SYSTEMPATH\BaseModel.php(585): CodeIgniter\Model->doFindAll(0, 0)
 5 APPPATH\Controllers\API\User.php(16): CodeIgniter\BaseModel->findAll()
 6 SYSTEMPATH\CodeIgniter.php(927): App\Controllers\API\User->index()
 7 SYSTEMPATH\CodeIgniter.php(482): CodeIgniter\CodeIgniter->runController(Object(App\Controllers\API\User))
 8 SYSTEMPATH\CodeIgniter.php(351): CodeIgniter\CodeIgniter->handleRequest(null, Object(Config\Cache), false)
 9 FCPATH\index.php(67): CodeIgniter\CodeIgniter->run()
ERROR - 2023-03-11 16:32:25 --> Error connecting to the database: Error: Call to undefined function CodeIgniter\Database\Postgre\pg_connect() in C:\xampp\htdocs\full\backend\apisabeygana\system\Database\Postgre\Connection.php:69
Stack trace:
#0 C:\xampp\htdocs\full\backend\apisabeygana\system\Database\BaseConnection.php(382): CodeIgniter\Database\Postgre\Connection->connect(false)
#1 C:\xampp\htdocs\full\backend\apisabeygana\system\Database\BaseConnection.php(561): CodeIgniter\Database\BaseConnection->initialize()
#2 C:\xampp\htdocs\full\backend\apisabeygana\app\Controllers\API\User.php(19): CodeIgniter\Database\BaseConnection->query('SELECT * FROM p...')
#3 C:\xampp\htdocs\full\backend\apisabeygana\system\CodeIgniter.php(927): App\Controllers\API\User->index()
#4 C:\xampp\htdocs\full\backend\apisabeygana\system\CodeIgniter.php(482): CodeIgniter\CodeIgniter->runController(Object(App\Controllers\API\User))
#5 C:\xampp\htdocs\full\backend\apisabeygana\system\CodeIgniter.php(351): CodeIgniter\CodeIgniter->handleRequest(NULL, Object(Config\Cache), false)
#6 C:\xampp\htdocs\full\backend\apisabeygana\public\index.php(67): CodeIgniter\CodeIgniter->run()
#7 {main}
CRITICAL - 2023-03-11 16:32:25 --> Unable to connect to the database.
Main connection [postgre]: Call to undefined function CodeIgniter\Database\Postgre\pg_connect()
in SYSTEMPATH\Database\BaseConnection.php on line 418.
 1 SYSTEMPATH\Database\BaseConnection.php(561): CodeIgniter\Database\BaseConnection->initialize()
 2 APPPATH\Controllers\API\User.php(19): CodeIgniter\Database\BaseConnection->query('SELECT * FROM public.dcu_usuario
        ORDER BY use_int_id ASC ')
 3 SYSTEMPATH\CodeIgniter.php(927): App\Controllers\API\User->index()
 4 SYSTEMPATH\CodeIgniter.php(482): CodeIgniter\CodeIgniter->runController(Object(App\Controllers\API\User))
 5 SYSTEMPATH\CodeIgniter.php(351): CodeIgniter\CodeIgniter->handleRequest(null, Object(Config\Cache), false)
 6 FCPATH\index.php(67): CodeIgniter\CodeIgniter->run()
ERROR - 2023-03-11 16:47:27 --> Error connecting to the database: Error: Call to undefined function CodeIgniter\Database\Postgre\pg_connect() in C:\xampp\htdocs\full\backend\apisabeygana\system\Database\Postgre\Connection.php:69
Stack trace:
#0 C:\xampp\htdocs\full\backend\apisabeygana\system\Database\BaseConnection.php(382): CodeIgniter\Database\Postgre\Connection->connect(false)
#1 C:\xampp\htdocs\full\backend\apisabeygana\system\Database\BaseConnection.php(561): CodeIgniter\Database\BaseConnection->initialize()
#2 C:\xampp\htdocs\full\backend\apisabeygana\app\Controllers\API\User.php(19): CodeIgniter\Database\BaseConnection->query('SELECT * FROM p...')
#3 C:\xampp\htdocs\full\backend\apisabeygana\system\CodeIgniter.php(927): App\Controllers\API\User->index()
#4 C:\xampp\htdocs\full\backend\apisabeygana\system\CodeIgniter.php(482): CodeIgniter\CodeIgniter->runController(Object(App\Controllers\API\User))
#5 C:\xampp\htdocs\full\backend\apisabeygana\system\CodeIgniter.php(351): CodeIgniter\CodeIgniter->handleRequest(NULL, Object(Config\Cache), false)
#6 C:\xampp\htdocs\full\backend\apisabeygana\public\index.php(67): CodeIgniter\CodeIgniter->run()
#7 {main}
CRITICAL - 2023-03-11 16:47:27 --> Unable to connect to the database.
Main connection [postgre]: Call to undefined function CodeIgniter\Database\Postgre\pg_connect()
in SYSTEMPATH\Database\BaseConnection.php on line 418.
 1 SYSTEMPATH\Database\BaseConnection.php(561): CodeIgniter\Database\BaseConnection->initialize()
 2 APPPATH\Controllers\API\User.php(19): CodeIgniter\Database\BaseConnection->query('SELECT * FROM public.dcu_usuario
        ORDER BY use_int_id ASC ')
 3 SYSTEMPATH\CodeIgniter.php(927): App\Controllers\API\User->index()
 4 SYSTEMPATH\CodeIgniter.php(482): CodeIgniter\CodeIgniter->runController(Object(App\Controllers\API\User))
 5 SYSTEMPATH\CodeIgniter.php(351): CodeIgniter\CodeIgniter->handleRequest(null, Object(Config\Cache), false)
 6 FCPATH\index.php(67): CodeIgniter\CodeIgniter->run()
ERROR - 2023-03-11 16:51:11 --> Error connecting to the database: Error: Call to undefined function CodeIgniter\Database\Postgre\pg_connect() in C:\xampp\htdocs\full\backend\apisabeygana\system\Database\Postgre\Connection.php:69
Stack trace:
#0 C:\xampp\htdocs\full\backend\apisabeygana\system\Database\BaseConnection.php(382): CodeIgniter\Database\Postgre\Connection->connect(false)
#1 C:\xampp\htdocs\full\backend\apisabeygana\system\Database\BaseConnection.php(561): CodeIgniter\Database\BaseConnection->initialize()
#2 C:\xampp\htdocs\full\backend\apisabeygana\app\Controllers\API\User.php(19): CodeIgniter\Database\BaseConnection->query('SELECT * FROM p...')
#3 C:\xampp\htdocs\full\backend\apisabeygana\system\CodeIgniter.php(927): App\Controllers\API\User->index()
#4 C:\xampp\htdocs\full\backend\apisabeygana\system\CodeIgniter.php(482): CodeIgniter\CodeIgniter->runController(Object(App\Controllers\API\User))
#5 C:\xampp\htdocs\full\backend\apisabeygana\system\CodeIgniter.php(351): CodeIgniter\CodeIgniter->handleRequest(NULL, Object(Config\Cache), false)
#6 C:\xampp\htdocs\full\backend\apisabeygana\public\index.php(67): CodeIgniter\CodeIgniter->run()
#7 {main}
CRITICAL - 2023-03-11 16:51:11 --> Unable to connect to the database.
Main connection [postgre]: Call to undefined function CodeIgniter\Database\Postgre\pg_connect()
in SYSTEMPATH\Database\BaseConnection.php on line 418.
 1 SYSTEMPATH\Database\BaseConnection.php(561): CodeIgniter\Database\BaseConnection->initialize()
 2 APPPATH\Controllers\API\User.php(19): CodeIgniter\Database\BaseConnection->query('SELECT * FROM public.dcu_usuario
        ORDER BY use_int_id ASC ')
 3 SYSTEMPATH\CodeIgniter.php(927): App\Controllers\API\User->index()
 4 SYSTEMPATH\CodeIgniter.php(482): CodeIgniter\CodeIgniter->runController(Object(App\Controllers\API\User))
 5 SYSTEMPATH\CodeIgniter.php(351): CodeIgniter\CodeIgniter->handleRequest(null, Object(Config\Cache), false)
 6 FCPATH\index.php(67): CodeIgniter\CodeIgniter->run()
ERROR - 2023-03-11 16:52:31 --> Error connecting to the database: Error: Call to undefined function CodeIgniter\Database\Postgre\pg_connect() in C:\xampp\htdocs\full\backend\apisabeygana\system\Database\Postgre\Connection.php:69
Stack trace:
#0 C:\xampp\htdocs\full\backend\apisabeygana\system\Database\BaseConnection.php(382): CodeIgniter\Database\Postgre\Connection->connect(false)
#1 C:\xampp\htdocs\full\backend\apisabeygana\system\Database\BaseConnection.php(561): CodeIgniter\Database\BaseConnection->initialize()
#2 C:\xampp\htdocs\full\backend\apisabeygana\app\Controllers\API\User.php(19): CodeIgniter\Database\BaseConnection->query('SELECT * FROM p...')
#3 C:\xampp\htdocs\full\backend\apisabeygana\system\CodeIgniter.php(927): App\Controllers\API\User->index()
#4 C:\xampp\htdocs\full\backend\apisabeygana\system\CodeIgniter.php(482): CodeIgniter\CodeIgniter->runController(Object(App\Controllers\API\User))
#5 C:\xampp\htdocs\full\backend\apisabeygana\system\CodeIgniter.php(351): CodeIgniter\CodeIgniter->handleRequest(NULL, Object(Config\Cache), false)
#6 C:\xampp\htdocs\full\backend\apisabeygana\public\index.php(67): CodeIgniter\CodeIgniter->run()
#7 {main}
CRITICAL - 2023-03-11 16:52:31 --> Unable to connect to the database.
Main connection [postgre]: Call to undefined function CodeIgniter\Database\Postgre\pg_connect()
in SYSTEMPATH\Database\BaseConnection.php on line 418.
 1 SYSTEMPATH\Database\BaseConnection.php(561): CodeIgniter\Database\BaseConnection->initialize()
 2 APPPATH\Controllers\API\User.php(19): CodeIgniter\Database\BaseConnection->query('SELECT * FROM public.dcu_usuario
        ORDER BY use_int_id ASC ')
 3 SYSTEMPATH\CodeIgniter.php(927): App\Controllers\API\User->index()
 4 SYSTEMPATH\CodeIgniter.php(482): CodeIgniter\CodeIgniter->runController(Object(App\Controllers\API\User))
 5 SYSTEMPATH\CodeIgniter.php(351): CodeIgniter\CodeIgniter->handleRequest(null, Object(Config\Cache), false)
 6 FCPATH\index.php(67): CodeIgniter\CodeIgniter->run()
ERROR - 2023-03-11 16:58:06 --> Error connecting to the database: Error: Call to undefined function CodeIgniter\Database\Postgre\pg_connect() in C:\xampp\htdocs\full\backend\apisabeygana\system\Database\Postgre\Connection.php:69
Stack trace:
#0 C:\xampp\htdocs\full\backend\apisabeygana\system\Database\BaseConnection.php(382): CodeIgniter\Database\Postgre\Connection->connect(false)
#1 C:\xampp\htdocs\full\backend\apisabeygana\system\Database\BaseConnection.php(561): CodeIgniter\Database\BaseConnection->initialize()
#2 C:\xampp\htdocs\full\backend\apisabeygana\app\Controllers\API\User.php(19): CodeIgniter\Database\BaseConnection->query('SELECT * FROM p...')
#3 C:\xampp\htdocs\full\backend\apisabeygana\system\CodeIgniter.php(927): App\Controllers\API\User->index()
#4 C:\xampp\htdocs\full\backend\apisabeygana\system\CodeIgniter.php(482): CodeIgniter\CodeIgniter->runController(Object(App\Controllers\API\User))
#5 C:\xampp\htdocs\full\backend\apisabeygana\system\CodeIgniter.php(351): CodeIgniter\CodeIgniter->handleRequest(NULL, Object(Config\Cache), false)
#6 C:\xampp\htdocs\full\backend\apisabeygana\public\index.php(67): CodeIgniter\CodeIgniter->run()
#7 {main}
CRITICAL - 2023-03-11 16:58:06 --> Unable to connect to the database.
Main connection [postgre]: Call to undefined function CodeIgniter\Database\Postgre\pg_connect()
in SYSTEMPATH\Database\BaseConnection.php on line 418.
 1 SYSTEMPATH\Database\BaseConnection.php(561): CodeIgniter\Database\BaseConnection->initialize()
 2 APPPATH\Controllers\API\User.php(19): CodeIgniter\Database\BaseConnection->query('SELECT * FROM public.dcu_usuario
        ORDER BY use_int_id ASC ')
 3 SYSTEMPATH\CodeIgniter.php(927): App\Controllers\API\User->index()
 4 SYSTEMPATH\CodeIgniter.php(482): CodeIgniter\CodeIgniter->runController(Object(App\Controllers\API\User))
 5 SYSTEMPATH\CodeIgniter.php(351): CodeIgniter\CodeIgniter->handleRequest(null, Object(Config\Cache), false)
 6 FCPATH\index.php(67): CodeIgniter\CodeIgniter->run()
ERROR - 2023-03-11 17:01:29 --> Error connecting to the database: Error: Call to undefined function CodeIgniter\Database\Postgre\pg_connect() in C:\xampp\htdocs\full\backend\apisabeygana\system\Database\Postgre\Connection.php:69
Stack trace:
#0 C:\xampp\htdocs\full\backend\apisabeygana\system\Database\BaseConnection.php(382): CodeIgniter\Database\Postgre\Connection->connect(false)
#1 C:\xampp\htdocs\full\backend\apisabeygana\system\Database\BaseConnection.php(561): CodeIgniter\Database\BaseConnection->initialize()
#2 C:\xampp\htdocs\full\backend\apisabeygana\app\Controllers\API\User.php(19): CodeIgniter\Database\BaseConnection->query('SELECT * FROM p...')
#3 C:\xampp\htdocs\full\backend\apisabeygana\system\CodeIgniter.php(927): App\Controllers\API\User->index()
#4 C:\xampp\htdocs\full\backend\apisabeygana\system\CodeIgniter.php(482): CodeIgniter\CodeIgniter->runController(Object(App\Controllers\API\User))
#5 C:\xampp\htdocs\full\backend\apisabeygana\system\CodeIgniter.php(351): CodeIgniter\CodeIgniter->handleRequest(NULL, Object(Config\Cache), false)
#6 C:\xampp\htdocs\full\backend\apisabeygana\public\index.php(67): CodeIgniter\CodeIgniter->run()
#7 {main}
CRITICAL - 2023-03-11 17:01:29 --> Unable to connect to the database.
Main connection [postgre]: Call to undefined function CodeIgniter\Database\Postgre\pg_connect()
in SYSTEMPATH\Database\BaseConnection.php on line 418.
 1 SYSTEMPATH\Database\BaseConnection.php(561): CodeIgniter\Database\BaseConnection->initialize()
 2 APPPATH\Controllers\API\User.php(19): CodeIgniter\Database\BaseConnection->query('SELECT * FROM public.dcu_usuario
        ORDER BY use_int_id ASC ')
 3 SYSTEMPATH\CodeIgniter.php(927): App\Controllers\API\User->index()
 4 SYSTEMPATH\CodeIgniter.php(482): CodeIgniter\CodeIgniter->runController(Object(App\Controllers\API\User))
 5 SYSTEMPATH\CodeIgniter.php(351): CodeIgniter\CodeIgniter->handleRequest(null, Object(Config\Cache), false)
 6 FCPATH\index.php(67): CodeIgniter\CodeIgniter->run()
ERROR - 2023-03-11 17:01:29 --> Error connecting to the database: Error: Call to undefined function CodeIgniter\Database\Postgre\pg_connect() in C:\xampp\htdocs\full\backend\apisabeygana\system\Database\Postgre\Connection.php:69
Stack trace:
#0 C:\xampp\htdocs\full\backend\apisabeygana\system\Database\BaseConnection.php(382): CodeIgniter\Database\Postgre\Connection->connect(false)
#1 C:\xampp\htdocs\full\backend\apisabeygana\system\Database\BaseConnection.php(561): CodeIgniter\Database\BaseConnection->initialize()
#2 C:\xampp\htdocs\full\backend\apisabeygana\app\Controllers\API\User.php(19): CodeIgniter\Database\BaseConnection->query('SELECT * FROM p...')
#3 C:\xampp\htdocs\full\backend\apisabeygana\system\CodeIgniter.php(927): App\Controllers\API\User->index()
#4 C:\xampp\htdocs\full\backend\apisabeygana\system\CodeIgniter.php(482): CodeIgniter\CodeIgniter->runController(Object(App\Controllers\API\User))
#5 C:\xampp\htdocs\full\backend\apisabeygana\system\CodeIgniter.php(351): CodeIgniter\CodeIgniter->handleRequest(NULL, Object(Config\Cache), false)
#6 C:\xampp\htdocs\full\backend\apisabeygana\public\index.php(67): CodeIgniter\CodeIgniter->run()
#7 {main}
CRITICAL - 2023-03-11 17:01:29 --> Unable to connect to the database.
Main connection [postgre]: Call to undefined function CodeIgniter\Database\Postgre\pg_connect()
in SYSTEMPATH\Database\BaseConnection.php on line 418.
 1 SYSTEMPATH\Database\BaseConnection.php(561): CodeIgniter\Database\BaseConnection->initialize()
 2 APPPATH\Controllers\API\User.php(19): CodeIgniter\Database\BaseConnection->query('SELECT * FROM public.dcu_usuario
        ORDER BY use_int_id ASC ')
 3 SYSTEMPATH\CodeIgniter.php(927): App\Controllers\API\User->index()
 4 SYSTEMPATH\CodeIgniter.php(482): CodeIgniter\CodeIgniter->runController(Object(App\Controllers\API\User))
 5 SYSTEMPATH\CodeIgniter.php(351): CodeIgniter\CodeIgniter->handleRequest(null, Object(Config\Cache), false)
 6 FCPATH\index.php(67): CodeIgniter\CodeIgniter->run()
CRITICAL - 2023-03-11 17:32:41 --> You have not selected a database type to connect to.
in SYSTEMPATH\Database\Database.php on line 53.
 1 SYSTEMPATH\Database\Config.php(82): CodeIgniter\Database\Database->load([...], 'default')
 2 SYSTEMPATH\Model.php(137): CodeIgniter\Database\Config::connect('default')
 3 APPPATH\Controllers\API\User.php(12): CodeIgniter\Model->__construct()
 4 SYSTEMPATH\CodeIgniter.php(889): App\Controllers\API\User->__construct()
 5 SYSTEMPATH\CodeIgniter.php(473): CodeIgniter\CodeIgniter->createController()
 6 SYSTEMPATH\CodeIgniter.php(351): CodeIgniter\CodeIgniter->handleRequest(null, Object(Config\Cache), false)
 7 FCPATH\index.php(67): CodeIgniter\CodeIgniter->run()
CRITICAL - 2023-03-11 17:34:31 --> You have not selected a database type to connect to.
in SYSTEMPATH\Database\Database.php on line 53.
 1 SYSTEMPATH\Database\Config.php(82): CodeIgniter\Database\Database->load([...], 'default')
 2 SYSTEMPATH\Model.php(137): CodeIgniter\Database\Config::connect('default')
 3 APPPATH\Controllers\API\User.php(12): CodeIgniter\Model->__construct()
 4 SYSTEMPATH\CodeIgniter.php(889): App\Controllers\API\User->__construct()
 5 SYSTEMPATH\CodeIgniter.php(473): CodeIgniter\CodeIgniter->createController()
 6 SYSTEMPATH\CodeIgniter.php(351): CodeIgniter\CodeIgniter->handleRequest(null, Object(Config\Cache), false)
 7 FCPATH\index.php(67): CodeIgniter\CodeIgniter->run()
CRITICAL - 2023-03-11 17:34:32 --> You have not selected a database type to connect to.
in SYSTEMPATH\Database\Database.php on line 53.
 1 SYSTEMPATH\Database\Config.php(82): CodeIgniter\Database\Database->load([...], 'default')
 2 SYSTEMPATH\Model.php(137): CodeIgniter\Database\Config::connect('default')
 3 APPPATH\Controllers\API\User.php(12): CodeIgniter\Model->__construct()
 4 SYSTEMPATH\CodeIgniter.php(889): App\Controllers\API\User->__construct()
 5 SYSTEMPATH\CodeIgniter.php(473): CodeIgniter\CodeIgniter->createController()
 6 SYSTEMPATH\CodeIgniter.php(351): CodeIgniter\CodeIgniter->handleRequest(null, Object(Config\Cache), false)
 7 FCPATH\index.php(67): CodeIgniter\CodeIgniter->run()
ERROR - 2023-03-11 17:58:46 --> Error connecting to the database: Error: Call to undefined function CodeIgniter\Database\Postgre\pg_connect() in C:\xampp\htdocs\full\backend\apisabeygana\system\Database\Postgre\Connection.php:69
Stack trace:
#0 C:\xampp\htdocs\full\backend\apisabeygana\system\Database\BaseConnection.php(382): CodeIgniter\Database\Postgre\Connection->connect(false)
#1 C:\xampp\htdocs\full\backend\apisabeygana\system\Database\BaseConnection.php(561): CodeIgniter\Database\BaseConnection->initialize()
#2 C:\xampp\htdocs\full\backend\apisabeygana\app\Controllers\API\User.php(19): CodeIgniter\Database\BaseConnection->query('SELECT * FROM p...')
#3 C:\xampp\htdocs\full\backend\apisabeygana\system\CodeIgniter.php(927): App\Controllers\API\User->index()
#4 C:\xampp\htdocs\full\backend\apisabeygana\system\CodeIgniter.php(482): CodeIgniter\CodeIgniter->runController(Object(App\Controllers\API\User))
#5 C:\xampp\htdocs\full\backend\apisabeygana\system\CodeIgniter.php(351): CodeIgniter\CodeIgniter->handleRequest(NULL, Object(Config\Cache), false)
#6 C:\xampp\htdocs\full\backend\apisabeygana\public\index.php(67): CodeIgniter\CodeIgniter->run()
#7 {main}
CRITICAL - 2023-03-11 17:58:46 --> Unable to connect to the database.
Main connection [postgre]: Call to undefined function CodeIgniter\Database\Postgre\pg_connect()
in SYSTEMPATH\Database\BaseConnection.php on line 418.
 1 SYSTEMPATH\Database\BaseConnection.php(561): CodeIgniter\Database\BaseConnection->initialize()
 2 APPPATH\Controllers\API\User.php(19): CodeIgniter\Database\BaseConnection->query('SELECT * FROM public.dcu_usuario
        ORDER BY use_int_id ASC ')
 3 SYSTEMPATH\CodeIgniter.php(927): App\Controllers\API\User->index()
 4 SYSTEMPATH\CodeIgniter.php(482): CodeIgniter\CodeIgniter->runController(Object(App\Controllers\API\User))
 5 SYSTEMPATH\CodeIgniter.php(351): CodeIgniter\CodeIgniter->handleRequest(null, Object(Config\Cache), false)
 6 FCPATH\index.php(67): CodeIgniter\CodeIgniter->run()
ERROR - 2023-03-11 18:01:37 --> Error connecting to the database: Error: Call to undefined function CodeIgniter\Database\Postgre\pg_connect() in C:\xampp\htdocs\full\backend\apisabeygana\system\Database\Postgre\Connection.php:69
Stack trace:
#0 C:\xampp\htdocs\full\backend\apisabeygana\system\Database\BaseConnection.php(382): CodeIgniter\Database\Postgre\Connection->connect(false)
#1 C:\xampp\htdocs\full\backend\apisabeygana\system\Database\BaseConnection.php(561): CodeIgniter\Database\BaseConnection->initialize()
#2 C:\xampp\htdocs\full\backend\apisabeygana\app\Controllers\API\User.php(19): CodeIgniter\Database\BaseConnection->query('SELECT * FROM p...')
#3 C:\xampp\htdocs\full\backend\apisabeygana\system\CodeIgniter.php(927): App\Controllers\API\User->index()
#4 C:\xampp\htdocs\full\backend\apisabeygana\system\CodeIgniter.php(482): CodeIgniter\CodeIgniter->runController(Object(App\Controllers\API\User))
#5 C:\xampp\htdocs\full\backend\apisabeygana\system\CodeIgniter.php(351): CodeIgniter\CodeIgniter->handleRequest(NULL, Object(Config\Cache), false)
#6 C:\xampp\htdocs\full\backend\apisabeygana\public\index.php(67): CodeIgniter\CodeIgniter->run()
#7 {main}
CRITICAL - 2023-03-11 18:01:37 --> Unable to connect to the database.
Main connection [postgre]: Call to undefined function CodeIgniter\Database\Postgre\pg_connect()
in SYSTEMPATH\Database\BaseConnection.php on line 418.
 1 SYSTEMPATH\Database\BaseConnection.php(561): CodeIgniter\Database\BaseConnection->initialize()
 2 APPPATH\Controllers\API\User.php(19): CodeIgniter\Database\BaseConnection->query('SELECT * FROM public.dcu_usuario
        ORDER BY use_int_id ASC ')
 3 SYSTEMPATH\CodeIgniter.php(927): App\Controllers\API\User->index()
 4 SYSTEMPATH\CodeIgniter.php(482): CodeIgniter\CodeIgniter->runController(Object(App\Controllers\API\User))
 5 SYSTEMPATH\CodeIgniter.php(351): CodeIgniter\CodeIgniter->handleRequest(null, Object(Config\Cache), false)
 6 FCPATH\index.php(67): CodeIgniter\CodeIgniter->run()
ERROR - 2023-03-11 18:01:38 --> Error connecting to the database: Error: Call to undefined function CodeIgniter\Database\Postgre\pg_connect() in C:\xampp\htdocs\full\backend\apisabeygana\system\Database\Postgre\Connection.php:69
Stack trace:
#0 C:\xampp\htdocs\full\backend\apisabeygana\system\Database\BaseConnection.php(382): CodeIgniter\Database\Postgre\Connection->connect(false)
#1 C:\xampp\htdocs\full\backend\apisabeygana\system\Database\BaseConnection.php(561): CodeIgniter\Database\BaseConnection->initialize()
#2 C:\xampp\htdocs\full\backend\apisabeygana\app\Controllers\API\User.php(19): CodeIgniter\Database\BaseConnection->query('SELECT * FROM p...')
#3 C:\xampp\htdocs\full\backend\apisabeygana\system\CodeIgniter.php(927): App\Controllers\API\User->index()
#4 C:\xampp\htdocs\full\backend\apisabeygana\system\CodeIgniter.php(482): CodeIgniter\CodeIgniter->runController(Object(App\Controllers\API\User))
#5 C:\xampp\htdocs\full\backend\apisabeygana\system\CodeIgniter.php(351): CodeIgniter\CodeIgniter->handleRequest(NULL, Object(Config\Cache), false)
#6 C:\xampp\htdocs\full\backend\apisabeygana\public\index.php(67): CodeIgniter\CodeIgniter->run()
#7 {main}
CRITICAL - 2023-03-11 18:01:38 --> Unable to connect to the database.
Main connection [postgre]: Call to undefined function CodeIgniter\Database\Postgre\pg_connect()
in SYSTEMPATH\Database\BaseConnection.php on line 418.
 1 SYSTEMPATH\Database\BaseConnection.php(561): CodeIgniter\Database\BaseConnection->initialize()
 2 APPPATH\Controllers\API\User.php(19): CodeIgniter\Database\BaseConnection->query('SELECT * FROM public.dcu_usuario
        ORDER BY use_int_id ASC ')
 3 SYSTEMPATH\CodeIgniter.php(927): App\Controllers\API\User->index()
 4 SYSTEMPATH\CodeIgniter.php(482): CodeIgniter\CodeIgniter->runController(Object(App\Controllers\API\User))
 5 SYSTEMPATH\CodeIgniter.php(351): CodeIgniter\CodeIgniter->handleRequest(null, Object(Config\Cache), false)
 6 FCPATH\index.php(67): CodeIgniter\CodeIgniter->run()
ERROR - 2023-03-11 18:01:39 --> Error connecting to the database: Error: Call to undefined function CodeIgniter\Database\Postgre\pg_connect() in C:\xampp\htdocs\full\backend\apisabeygana\system\Database\Postgre\Connection.php:69
Stack trace:
#0 C:\xampp\htdocs\full\backend\apisabeygana\system\Database\BaseConnection.php(382): CodeIgniter\Database\Postgre\Connection->connect(false)
#1 C:\xampp\htdocs\full\backend\apisabeygana\system\Database\BaseConnection.php(561): CodeIgniter\Database\BaseConnection->initialize()
#2 C:\xampp\htdocs\full\backend\apisabeygana\app\Controllers\API\User.php(19): CodeIgniter\Database\BaseConnection->query('SELECT * FROM p...')
#3 C:\xampp\htdocs\full\backend\apisabeygana\system\CodeIgniter.php(927): App\Controllers\API\User->index()
#4 C:\xampp\htdocs\full\backend\apisabeygana\system\CodeIgniter.php(482): CodeIgniter\CodeIgniter->runController(Object(App\Controllers\API\User))
#5 C:\xampp\htdocs\full\backend\apisabeygana\system\CodeIgniter.php(351): CodeIgniter\CodeIgniter->handleRequest(NULL, Object(Config\Cache), false)
#6 C:\xampp\htdocs\full\backend\apisabeygana\public\index.php(67): CodeIgniter\CodeIgniter->run()
#7 {main}
CRITICAL - 2023-03-11 18:01:39 --> Unable to connect to the database.
Main connection [postgre]: Call to undefined function CodeIgniter\Database\Postgre\pg_connect()
in SYSTEMPATH\Database\BaseConnection.php on line 418.
 1 SYSTEMPATH\Database\BaseConnection.php(561): CodeIgniter\Database\BaseConnection->initialize()
 2 APPPATH\Controllers\API\User.php(19): CodeIgniter\Database\BaseConnection->query('SELECT * FROM public.dcu_usuario
        ORDER BY use_int_id ASC ')
 3 SYSTEMPATH\CodeIgniter.php(927): App\Controllers\API\User->index()
 4 SYSTEMPATH\CodeIgniter.php(482): CodeIgniter\CodeIgniter->runController(Object(App\Controllers\API\User))
 5 SYSTEMPATH\CodeIgniter.php(351): CodeIgniter\CodeIgniter->handleRequest(null, Object(Config\Cache), false)
 6 FCPATH\index.php(67): CodeIgniter\CodeIgniter->run()
ERROR - 2023-03-11 18:01:39 --> Error connecting to the database: Error: Call to undefined function CodeIgniter\Database\Postgre\pg_connect() in C:\xampp\htdocs\full\backend\apisabeygana\system\Database\Postgre\Connection.php:69
Stack trace:
#0 C:\xampp\htdocs\full\backend\apisabeygana\system\Database\BaseConnection.php(382): CodeIgniter\Database\Postgre\Connection->connect(false)
#1 C:\xampp\htdocs\full\backend\apisabeygana\system\Database\BaseConnection.php(561): CodeIgniter\Database\BaseConnection->initialize()
#2 C:\xampp\htdocs\full\backend\apisabeygana\app\Controllers\API\User.php(19): CodeIgniter\Database\BaseConnection->query('SELECT * FROM p...')
#3 C:\xampp\htdocs\full\backend\apisabeygana\system\CodeIgniter.php(927): App\Controllers\API\User->index()
#4 C:\xampp\htdocs\full\backend\apisabeygana\system\CodeIgniter.php(482): CodeIgniter\CodeIgniter->runController(Object(App\Controllers\API\User))
#5 C:\xampp\htdocs\full\backend\apisabeygana\system\CodeIgniter.php(351): CodeIgniter\CodeIgniter->handleRequest(NULL, Object(Config\Cache), false)
#6 C:\xampp\htdocs\full\backend\apisabeygana\public\index.php(67): CodeIgniter\CodeIgniter->run()
#7 {main}
CRITICAL - 2023-03-11 18:01:39 --> Unable to connect to the database.
Main connection [postgre]: Call to undefined function CodeIgniter\Database\Postgre\pg_connect()
in SYSTEMPATH\Database\BaseConnection.php on line 418.
 1 SYSTEMPATH\Database\BaseConnection.php(561): CodeIgniter\Database\BaseConnection->initialize()
 2 APPPATH\Controllers\API\User.php(19): CodeIgniter\Database\BaseConnection->query('SELECT * FROM public.dcu_usuario
        ORDER BY use_int_id ASC ')
 3 SYSTEMPATH\CodeIgniter.php(927): App\Controllers\API\User->index()
 4 SYSTEMPATH\CodeIgniter.php(482): CodeIgniter\CodeIgniter->runController(Object(App\Controllers\API\User))
 5 SYSTEMPATH\CodeIgniter.php(351): CodeIgniter\CodeIgniter->handleRequest(null, Object(Config\Cache), false)
 6 FCPATH\index.php(67): CodeIgniter\CodeIgniter->run()
ERROR - 2023-03-11 18:01:40 --> Error connecting to the database: Error: Call to undefined function CodeIgniter\Database\Postgre\pg_connect() in C:\xampp\htdocs\full\backend\apisabeygana\system\Database\Postgre\Connection.php:69
Stack trace:
#0 C:\xampp\htdocs\full\backend\apisabeygana\system\Database\BaseConnection.php(382): CodeIgniter\Database\Postgre\Connection->connect(false)
#1 C:\xampp\htdocs\full\backend\apisabeygana\system\Database\BaseConnection.php(561): CodeIgniter\Database\BaseConnection->initialize()
#2 C:\xampp\htdocs\full\backend\apisabeygana\app\Controllers\API\User.php(19): CodeIgniter\Database\BaseConnection->query('SELECT * FROM p...')
#3 C:\xampp\htdocs\full\backend\apisabeygana\system\CodeIgniter.php(927): App\Controllers\API\User->index()
#4 C:\xampp\htdocs\full\backend\apisabeygana\system\CodeIgniter.php(482): CodeIgniter\CodeIgniter->runController(Object(App\Controllers\API\User))
#5 C:\xampp\htdocs\full\backend\apisabeygana\system\CodeIgniter.php(351): CodeIgniter\CodeIgniter->handleRequest(NULL, Object(Config\Cache), false)
#6 C:\xampp\htdocs\full\backend\apisabeygana\public\index.php(67): CodeIgniter\CodeIgniter->run()
#7 {main}
CRITICAL - 2023-03-11 18:01:40 --> Unable to connect to the database.
Main connection [postgre]: Call to undefined function CodeIgniter\Database\Postgre\pg_connect()
in SYSTEMPATH\Database\BaseConnection.php on line 418.
 1 SYSTEMPATH\Database\BaseConnection.php(561): CodeIgniter\Database\BaseConnection->initialize()
 2 APPPATH\Controllers\API\User.php(19): CodeIgniter\Database\BaseConnection->query('SELECT * FROM public.dcu_usuario
        ORDER BY use_int_id ASC ')
 3 SYSTEMPATH\CodeIgniter.php(927): App\Controllers\API\User->index()
 4 SYSTEMPATH\CodeIgniter.php(482): CodeIgniter\CodeIgniter->runController(Object(App\Controllers\API\User))
 5 SYSTEMPATH\CodeIgniter.php(351): CodeIgniter\CodeIgniter->handleRequest(null, Object(Config\Cache), false)
 6 FCPATH\index.php(67): CodeIgniter\CodeIgniter->run()
ERROR - 2023-03-11 18:01:40 --> Error connecting to the database: Error: Call to undefined function CodeIgniter\Database\Postgre\pg_connect() in C:\xampp\htdocs\full\backend\apisabeygana\system\Database\Postgre\Connection.php:69
Stack trace:
#0 C:\xampp\htdocs\full\backend\apisabeygana\system\Database\BaseConnection.php(382): CodeIgniter\Database\Postgre\Connection->connect(false)
#1 C:\xampp\htdocs\full\backend\apisabeygana\system\Database\BaseConnection.php(561): CodeIgniter\Database\BaseConnection->initialize()
#2 C:\xampp\htdocs\full\backend\apisabeygana\app\Controllers\API\User.php(19): CodeIgniter\Database\BaseConnection->query('SELECT * FROM p...')
#3 C:\xampp\htdocs\full\backend\apisabeygana\system\CodeIgniter.php(927): App\Controllers\API\User->index()
#4 C:\xampp\htdocs\full\backend\apisabeygana\system\CodeIgniter.php(482): CodeIgniter\CodeIgniter->runController(Object(App\Controllers\API\User))
#5 C:\xampp\htdocs\full\backend\apisabeygana\system\CodeIgniter.php(351): CodeIgniter\CodeIgniter->handleRequest(NULL, Object(Config\Cache), false)
#6 C:\xampp\htdocs\full\backend\apisabeygana\public\index.php(67): CodeIgniter\CodeIgniter->run()
#7 {main}
CRITICAL - 2023-03-11 18:01:40 --> Unable to connect to the database.
Main connection [postgre]: Call to undefined function CodeIgniter\Database\Postgre\pg_connect()
in SYSTEMPATH\Database\BaseConnection.php on line 418.
 1 SYSTEMPATH\Database\BaseConnection.php(561): CodeIgniter\Database\BaseConnection->initialize()
 2 APPPATH\Controllers\API\User.php(19): CodeIgniter\Database\BaseConnection->query('SELECT * FROM public.dcu_usuario
        ORDER BY use_int_id ASC ')
 3 SYSTEMPATH\CodeIgniter.php(927): App\Controllers\API\User->index()
 4 SYSTEMPATH\CodeIgniter.php(482): CodeIgniter\CodeIgniter->runController(Object(App\Controllers\API\User))
 5 SYSTEMPATH\CodeIgniter.php(351): CodeIgniter\CodeIgniter->handleRequest(null, Object(Config\Cache), false)
 6 FCPATH\index.php(67): CodeIgniter\CodeIgniter->run()
ERROR - 2023-03-11 18:01:40 --> Error connecting to the database: Error: Call to undefined function CodeIgniter\Database\Postgre\pg_connect() in C:\xampp\htdocs\full\backend\apisabeygana\system\Database\Postgre\Connection.php:69
Stack trace:
#0 C:\xampp\htdocs\full\backend\apisabeygana\system\Database\BaseConnection.php(382): CodeIgniter\Database\Postgre\Connection->connect(false)
#1 C:\xampp\htdocs\full\backend\apisabeygana\system\Database\BaseConnection.php(561): CodeIgniter\Database\BaseConnection->initialize()
#2 C:\xampp\htdocs\full\backend\apisabeygana\app\Controllers\API\User.php(19): CodeIgniter\Database\BaseConnection->query('SELECT * FROM p...')
#3 C:\xampp\htdocs\full\backend\apisabeygana\system\CodeIgniter.php(927): App\Controllers\API\User->index()
#4 C:\xampp\htdocs\full\backend\apisabeygana\system\CodeIgniter.php(482): CodeIgniter\CodeIgniter->runController(Object(App\Controllers\API\User))
#5 C:\xampp\htdocs\full\backend\apisabeygana\system\CodeIgniter.php(351): CodeIgniter\CodeIgniter->handleRequest(NULL, Object(Config\Cache), false)
#6 C:\xampp\htdocs\full\backend\apisabeygana\public\index.php(67): CodeIgniter\CodeIgniter->run()
#7 {main}
CRITICAL - 2023-03-11 18:01:40 --> Unable to connect to the database.
Main connection [postgre]: Call to undefined function CodeIgniter\Database\Postgre\pg_connect()
in SYSTEMPATH\Database\BaseConnection.php on line 418.
 1 SYSTEMPATH\Database\BaseConnection.php(561): CodeIgniter\Database\BaseConnection->initialize()
 2 APPPATH\Controllers\API\User.php(19): CodeIgniter\Database\BaseConnection->query('SELECT * FROM public.dcu_usuario
        ORDER BY use_int_id ASC ')
 3 SYSTEMPATH\CodeIgniter.php(927): App\Controllers\API\User->index()
 4 SYSTEMPATH\CodeIgniter.php(482): CodeIgniter\CodeIgniter->runController(Object(App\Controllers\API\User))
 5 SYSTEMPATH\CodeIgniter.php(351): CodeIgniter\CodeIgniter->handleRequest(null, Object(Config\Cache), false)
 6 FCPATH\index.php(67): CodeIgniter\CodeIgniter->run()
ERROR - 2023-03-11 18:01:40 --> Error connecting to the database: Error: Call to undefined function CodeIgniter\Database\Postgre\pg_connect() in C:\xampp\htdocs\full\backend\apisabeygana\system\Database\Postgre\Connection.php:69
Stack trace:
#0 C:\xampp\htdocs\full\backend\apisabeygana\system\Database\BaseConnection.php(382): CodeIgniter\Database\Postgre\Connection->connect(false)
#1 C:\xampp\htdocs\full\backend\apisabeygana\system\Database\BaseConnection.php(561): CodeIgniter\Database\BaseConnection->initialize()
#2 C:\xampp\htdocs\full\backend\apisabeygana\app\Controllers\API\User.php(19): CodeIgniter\Database\BaseConnection->query('SELECT * FROM p...')
#3 C:\xampp\htdocs\full\backend\apisabeygana\system\CodeIgniter.php(927): App\Controllers\API\User->index()
#4 C:\xampp\htdocs\full\backend\apisabeygana\system\CodeIgniter.php(482): CodeIgniter\CodeIgniter->runController(Object(App\Controllers\API\User))
#5 C:\xampp\htdocs\full\backend\apisabeygana\system\CodeIgniter.php(351): CodeIgniter\CodeIgniter->handleRequest(NULL, Object(Config\Cache), false)
#6 C:\xampp\htdocs\full\backend\apisabeygana\public\index.php(67): CodeIgniter\CodeIgniter->run()
#7 {main}
CRITICAL - 2023-03-11 18:01:40 --> Unable to connect to the database.
Main connection [postgre]: Call to undefined function CodeIgniter\Database\Postgre\pg_connect()
in SYSTEMPATH\Database\BaseConnection.php on line 418.
 1 SYSTEMPATH\Database\BaseConnection.php(561): CodeIgniter\Database\BaseConnection->initialize()
 2 APPPATH\Controllers\API\User.php(19): CodeIgniter\Database\BaseConnection->query('SELECT * FROM public.dcu_usuario
        ORDER BY use_int_id ASC ')
 3 SYSTEMPATH\CodeIgniter.php(927): App\Controllers\API\User->index()
 4 SYSTEMPATH\CodeIgniter.php(482): CodeIgniter\CodeIgniter->runController(Object(App\Controllers\API\User))
 5 SYSTEMPATH\CodeIgniter.php(351): CodeIgniter\CodeIgniter->handleRequest(null, Object(Config\Cache), false)
 6 FCPATH\index.php(67): CodeIgniter\CodeIgniter->run()
ERROR - 2023-03-11 18:01:41 --> Error connecting to the database: Error: Call to undefined function CodeIgniter\Database\Postgre\pg_connect() in C:\xampp\htdocs\full\backend\apisabeygana\system\Database\Postgre\Connection.php:69
Stack trace:
#0 C:\xampp\htdocs\full\backend\apisabeygana\system\Database\BaseConnection.php(382): CodeIgniter\Database\Postgre\Connection->connect(false)
#1 C:\xampp\htdocs\full\backend\apisabeygana\system\Database\BaseConnection.php(561): CodeIgniter\Database\BaseConnection->initialize()
#2 C:\xampp\htdocs\full\backend\apisabeygana\app\Controllers\API\User.php(19): CodeIgniter\Database\BaseConnection->query('SELECT * FROM p...')
#3 C:\xampp\htdocs\full\backend\apisabeygana\system\CodeIgniter.php(927): App\Controllers\API\User->index()
#4 C:\xampp\htdocs\full\backend\apisabeygana\system\CodeIgniter.php(482): CodeIgniter\CodeIgniter->runController(Object(App\Controllers\API\User))
#5 C:\xampp\htdocs\full\backend\apisabeygana\system\CodeIgniter.php(351): CodeIgniter\CodeIgniter->handleRequest(NULL, Object(Config\Cache), false)
#6 C:\xampp\htdocs\full\backend\apisabeygana\public\index.php(67): CodeIgniter\CodeIgniter->run()
#7 {main}
CRITICAL - 2023-03-11 18:01:41 --> Unable to connect to the database.
Main connection [postgre]: Call to undefined function CodeIgniter\Database\Postgre\pg_connect()
in SYSTEMPATH\Database\BaseConnection.php on line 418.
 1 SYSTEMPATH\Database\BaseConnection.php(561): CodeIgniter\Database\BaseConnection->initialize()
 2 APPPATH\Controllers\API\User.php(19): CodeIgniter\Database\BaseConnection->query('SELECT * FROM public.dcu_usuario
        ORDER BY use_int_id ASC ')
 3 SYSTEMPATH\CodeIgniter.php(927): App\Controllers\API\User->index()
 4 SYSTEMPATH\CodeIgniter.php(482): CodeIgniter\CodeIgniter->runController(Object(App\Controllers\API\User))
 5 SYSTEMPATH\CodeIgniter.php(351): CodeIgniter\CodeIgniter->handleRequest(null, Object(Config\Cache), false)
 6 FCPATH\index.php(67): CodeIgniter\CodeIgniter->run()
ERROR - 2023-03-11 18:01:41 --> Error connecting to the database: Error: Call to undefined function CodeIgniter\Database\Postgre\pg_connect() in C:\xampp\htdocs\full\backend\apisabeygana\system\Database\Postgre\Connection.php:69
Stack trace:
#0 C:\xampp\htdocs\full\backend\apisabeygana\system\Database\BaseConnection.php(382): CodeIgniter\Database\Postgre\Connection->connect(false)
#1 C:\xampp\htdocs\full\backend\apisabeygana\system\Database\BaseConnection.php(561): CodeIgniter\Database\BaseConnection->initialize()
#2 C:\xampp\htdocs\full\backend\apisabeygana\app\Controllers\API\User.php(19): CodeIgniter\Database\BaseConnection->query('SELECT * FROM p...')
#3 C:\xampp\htdocs\full\backend\apisabeygana\system\CodeIgniter.php(927): App\Controllers\API\User->index()
#4 C:\xampp\htdocs\full\backend\apisabeygana\system\CodeIgniter.php(482): CodeIgniter\CodeIgniter->runController(Object(App\Controllers\API\User))
#5 C:\xampp\htdocs\full\backend\apisabeygana\system\CodeIgniter.php(351): CodeIgniter\CodeIgniter->handleRequest(NULL, Object(Config\Cache), false)
#6 C:\xampp\htdocs\full\backend\apisabeygana\public\index.php(67): CodeIgniter\CodeIgniter->run()
#7 {main}
CRITICAL - 2023-03-11 18:01:41 --> Unable to connect to the database.
Main connection [postgre]: Call to undefined function CodeIgniter\Database\Postgre\pg_connect()
in SYSTEMPATH\Database\BaseConnection.php on line 418.
 1 SYSTEMPATH\Database\BaseConnection.php(561): CodeIgniter\Database\BaseConnection->initialize()
 2 APPPATH\Controllers\API\User.php(19): CodeIgniter\Database\BaseConnection->query('SELECT * FROM public.dcu_usuario
        ORDER BY use_int_id ASC ')
 3 SYSTEMPATH\CodeIgniter.php(927): App\Controllers\API\User->index()
 4 SYSTEMPATH\CodeIgniter.php(482): CodeIgniter\CodeIgniter->runController(Object(App\Controllers\API\User))
 5 SYSTEMPATH\CodeIgniter.php(351): CodeIgniter\CodeIgniter->handleRequest(null, Object(Config\Cache), false)
 6 FCPATH\index.php(67): CodeIgniter\CodeIgniter->run()
ERROR - 2023-03-11 18:19:30 --> Error connecting to the database: ErrorException: pg_connect(): Unable to connect to PostgreSQL server: received invalid response to SSL negotiation: J in C:\xampp\htdocs\full\backend\apisabeygana\system\Database\Postgre\Connection.php:69
Stack trace:
#0 [internal function]: CodeIgniter\Debug\Exceptions->errorHandler(2, 'pg_connect(): U...', 'C:\\xampp\\htdocs...', 69)
#1 C:\xampp\htdocs\full\backend\apisabeygana\system\Database\Postgre\Connection.php(69): pg_connect('host=172.107.17...')
#2 C:\xampp\htdocs\full\backend\apisabeygana\system\Database\BaseConnection.php(382): CodeIgniter\Database\Postgre\Connection->connect(false)
#3 C:\xampp\htdocs\full\backend\apisabeygana\system\Database\BaseConnection.php(561): CodeIgniter\Database\BaseConnection->initialize()
#4 C:\xampp\htdocs\full\backend\apisabeygana\app\Controllers\API\User.php(19): CodeIgniter\Database\BaseConnection->query('SELECT * FROM p...')
#5 C:\xampp\htdocs\full\backend\apisabeygana\system\CodeIgniter.php(927): App\Controllers\API\User->index()
#6 C:\xampp\htdocs\full\backend\apisabeygana\system\CodeIgniter.php(482): CodeIgniter\CodeIgniter->runController(Object(App\Controllers\API\User))
#7 C:\xampp\htdocs\full\backend\apisabeygana\system\CodeIgniter.php(351): CodeIgniter\CodeIgniter->handleRequest(NULL, Object(Config\Cache), false)
#8 C:\xampp\htdocs\full\backend\apisabeygana\public\index.php(67): CodeIgniter\CodeIgniter->run()
#9 {main}
CRITICAL - 2023-03-11 18:19:30 --> Unable to connect to the database.
Main connection [postgre]: pg_connect(): Unable to connect to PostgreSQL server: received invalid response to SSL negotiation: J
in SYSTEMPATH\Database\BaseConnection.php on line 418.
 1 SYSTEMPATH\Database\BaseConnection.php(561): CodeIgniter\Database\BaseConnection->initialize()
 2 APPPATH\Controllers\API\User.php(19): CodeIgniter\Database\BaseConnection->query('SELECT * FROM public.dcu_usuario
        ORDER BY use_int_id ASC ')
 3 SYSTEMPATH\CodeIgniter.php(927): App\Controllers\API\User->index()
 4 SYSTEMPATH\CodeIgniter.php(482): CodeIgniter\CodeIgniter->runController(Object(App\Controllers\API\User))
 5 SYSTEMPATH\CodeIgniter.php(351): CodeIgniter\CodeIgniter->handleRequest(null, Object(Config\Cache), false)
 6 FCPATH\index.php(67): CodeIgniter\CodeIgniter->run()
ERROR - 2023-03-11 18:19:33 --> Error connecting to the database: ErrorException: pg_connect(): Unable to connect to PostgreSQL server: received invalid response to SSL negotiation: J in C:\xampp\htdocs\full\backend\apisabeygana\system\Database\Postgre\Connection.php:69
Stack trace:
#0 [internal function]: CodeIgniter\Debug\Exceptions->errorHandler(2, 'pg_connect(): U...', 'C:\\xampp\\htdocs...', 69)
#1 C:\xampp\htdocs\full\backend\apisabeygana\system\Database\Postgre\Connection.php(69): pg_connect('host=172.107.17...')
#2 C:\xampp\htdocs\full\backend\apisabeygana\system\Database\BaseConnection.php(382): CodeIgniter\Database\Postgre\Connection->connect(false)
#3 C:\xampp\htdocs\full\backend\apisabeygana\system\Database\BaseConnection.php(561): CodeIgniter\Database\BaseConnection->initialize()
#4 C:\xampp\htdocs\full\backend\apisabeygana\app\Controllers\API\User.php(19): CodeIgniter\Database\BaseConnection->query('SELECT * FROM p...')
#5 C:\xampp\htdocs\full\backend\apisabeygana\system\CodeIgniter.php(927): App\Controllers\API\User->index()
#6 C:\xampp\htdocs\full\backend\apisabeygana\system\CodeIgniter.php(482): CodeIgniter\CodeIgniter->runController(Object(App\Controllers\API\User))
#7 C:\xampp\htdocs\full\backend\apisabeygana\system\CodeIgniter.php(351): CodeIgniter\CodeIgniter->handleRequest(NULL, Object(Config\Cache), false)
#8 C:\xampp\htdocs\full\backend\apisabeygana\public\index.php(67): CodeIgniter\CodeIgniter->run()
#9 {main}
CRITICAL - 2023-03-11 18:19:33 --> Unable to connect to the database.
Main connection [postgre]: pg_connect(): Unable to connect to PostgreSQL server: received invalid response to SSL negotiation: J
in SYSTEMPATH\Database\BaseConnection.php on line 418.
 1 SYSTEMPATH\Database\BaseConnection.php(561): CodeIgniter\Database\BaseConnection->initialize()
 2 APPPATH\Controllers\API\User.php(19): CodeIgniter\Database\BaseConnection->query('SELECT * FROM public.dcu_usuario
        ORDER BY use_int_id ASC ')
 3 SYSTEMPATH\CodeIgniter.php(927): App\Controllers\API\User->index()
 4 SYSTEMPATH\CodeIgniter.php(482): CodeIgniter\CodeIgniter->runController(Object(App\Controllers\API\User))
 5 SYSTEMPATH\CodeIgniter.php(351): CodeIgniter\CodeIgniter->handleRequest(null, Object(Config\Cache), false)
 6 FCPATH\index.php(67): CodeIgniter\CodeIgniter->run()
ERROR - 2023-03-11 18:19:36 --> Error connecting to the database: ErrorException: pg_connect(): Unable to connect to PostgreSQL server: received invalid response to SSL negotiation: J in C:\xampp\htdocs\full\backend\apisabeygana\system\Database\Postgre\Connection.php:69
Stack trace:
#0 [internal function]: CodeIgniter\Debug\Exceptions->errorHandler(2, 'pg_connect(): U...', 'C:\\xampp\\htdocs...', 69)
#1 C:\xampp\htdocs\full\backend\apisabeygana\system\Database\Postgre\Connection.php(69): pg_connect('host=172.107.17...')
#2 C:\xampp\htdocs\full\backend\apisabeygana\system\Database\BaseConnection.php(382): CodeIgniter\Database\Postgre\Connection->connect(false)
#3 C:\xampp\htdocs\full\backend\apisabeygana\system\Database\BaseConnection.php(561): CodeIgniter\Database\BaseConnection->initialize()
#4 C:\xampp\htdocs\full\backend\apisabeygana\app\Controllers\API\User.php(19): CodeIgniter\Database\BaseConnection->query('SELECT * FROM p...')
#5 C:\xampp\htdocs\full\backend\apisabeygana\system\CodeIgniter.php(927): App\Controllers\API\User->index()
#6 C:\xampp\htdocs\full\backend\apisabeygana\system\CodeIgniter.php(482): CodeIgniter\CodeIgniter->runController(Object(App\Controllers\API\User))
#7 C:\xampp\htdocs\full\backend\apisabeygana\system\CodeIgniter.php(351): CodeIgniter\CodeIgniter->handleRequest(NULL, Object(Config\Cache), false)
#8 C:\xampp\htdocs\full\backend\apisabeygana\public\index.php(67): CodeIgniter\CodeIgniter->run()
#9 {main}
CRITICAL - 2023-03-11 18:19:36 --> Unable to connect to the database.
Main connection [postgre]: pg_connect(): Unable to connect to PostgreSQL server: received invalid response to SSL negotiation: J
in SYSTEMPATH\Database\BaseConnection.php on line 418.
 1 SYSTEMPATH\Database\BaseConnection.php(561): CodeIgniter\Database\BaseConnection->initialize()
 2 APPPATH\Controllers\API\User.php(19): CodeIgniter\Database\BaseConnection->query('SELECT * FROM public.dcu_usuario
        ORDER BY use_int_id ASC ')
 3 SYSTEMPATH\CodeIgniter.php(927): App\Controllers\API\User->index()
 4 SYSTEMPATH\CodeIgniter.php(482): CodeIgniter\CodeIgniter->runController(Object(App\Controllers\API\User))
 5 SYSTEMPATH\CodeIgniter.php(351): CodeIgniter\CodeIgniter->handleRequest(null, Object(Config\Cache), false)
 6 FCPATH\index.php(67): CodeIgniter\CodeIgniter->run()
ERROR - 2023-03-11 18:19:39 --> Error connecting to the database: ErrorException: pg_connect(): Unable to connect to PostgreSQL server: received invalid response to SSL negotiation: J in C:\xampp\htdocs\full\backend\apisabeygana\system\Database\Postgre\Connection.php:69
Stack trace:
#0 [internal function]: CodeIgniter\Debug\Exceptions->errorHandler(2, 'pg_connect(): U...', 'C:\\xampp\\htdocs...', 69)
#1 C:\xampp\htdocs\full\backend\apisabeygana\system\Database\Postgre\Connection.php(69): pg_connect('host=172.107.17...')
#2 C:\xampp\htdocs\full\backend\apisabeygana\system\Database\BaseConnection.php(382): CodeIgniter\Database\Postgre\Connection->connect(false)
#3 C:\xampp\htdocs\full\backend\apisabeygana\system\Database\BaseConnection.php(561): CodeIgniter\Database\BaseConnection->initialize()
#4 C:\xampp\htdocs\full\backend\apisabeygana\app\Controllers\API\User.php(19): CodeIgniter\Database\BaseConnection->query('SELECT * FROM p...')
#5 C:\xampp\htdocs\full\backend\apisabeygana\system\CodeIgniter.php(927): App\Controllers\API\User->index()
#6 C:\xampp\htdocs\full\backend\apisabeygana\system\CodeIgniter.php(482): CodeIgniter\CodeIgniter->runController(Object(App\Controllers\API\User))
#7 C:\xampp\htdocs\full\backend\apisabeygana\system\CodeIgniter.php(351): CodeIgniter\CodeIgniter->handleRequest(NULL, Object(Config\Cache), false)
#8 C:\xampp\htdocs\full\backend\apisabeygana\public\index.php(67): CodeIgniter\CodeIgniter->run()
#9 {main}
CRITICAL - 2023-03-11 18:19:39 --> Unable to connect to the database.
Main connection [postgre]: pg_connect(): Unable to connect to PostgreSQL server: received invalid response to SSL negotiation: J
in SYSTEMPATH\Database\BaseConnection.php on line 418.
 1 SYSTEMPATH\Database\BaseConnection.php(561): CodeIgniter\Database\BaseConnection->initialize()
 2 APPPATH\Controllers\API\User.php(19): CodeIgniter\Database\BaseConnection->query('SELECT * FROM public.dcu_usuario
        ORDER BY use_int_id ASC ')
 3 SYSTEMPATH\CodeIgniter.php(927): App\Controllers\API\User->index()
 4 SYSTEMPATH\CodeIgniter.php(482): CodeIgniter\CodeIgniter->runController(Object(App\Controllers\API\User))
 5 SYSTEMPATH\CodeIgniter.php(351): CodeIgniter\CodeIgniter->handleRequest(null, Object(Config\Cache), false)
 6 FCPATH\index.php(67): CodeIgniter\CodeIgniter->run()
